#
# A fatal error has been detected by the Java Runtime Environment:
#
#  EXCEPTION_ACCESS_VIOLATION (0xc0000005) at pc=0x00000000647968ce, pid=5784, tid=0x0000000000000d60
#
# JRE version: Java(TM) SE Runtime Environment (8.0_172-b11) (build 1.8.0_172-b11)
# Java VM: Java HotSpot(TM) 64-Bit Server VM (25.172-b11 mixed mode windows-amd64 compressed oops)
# Problematic frame:
# V  [jvm.dll+0x4c68ce]
#
# Failed to write core dump. Minidumps are not enabled by default on client versions of Windows
#
# If you would like to submit a bug report, please visit:
#   http://bugreport.java.com/bugreport/crash.jsp
#

---------------  T H R E A D  ---------------

Current thread (0x0000000016877800):  JavaThread "C2 CompilerThread0" daemon [_thread_in_native, id=3424, stack(0x0000000017130000,0x0000000017230000)]

siginfo: ExceptionCode=0xc0000005, reading address 0x00000015000024e4

Registers:
RAX=0x000000001afcf938, RBX=0x00000015000024bc, RCX=0x0000000000000000, RDX=0x000000001b65ad10
RSP=0x000000001722b6b0, RBP=0x0000000000000000, RSI=0x0000000000000ef7, RDI=0x000000001722b7c8
R8 =0x0000000000000125, R9 =0x0000000010000000, R10=0x000000001722bbb0, R11=0x000000001a2ef650
R12=0x0000000000000001, R13=0x000000001afcf910, R14=0x000000001722b758, R15=0x000000001722b778
RIP=0x00000000647968ce, EFLAGS=0x0000000000010203

Top of Stack: (sp=0x000000001722b6b0)
0x000000001722b6b0:   000000001afcf910 0000000000000efb
0x000000001722b6c0:   0000000000000001 00000000168611f0
0x000000001722b6d0:   000000001722c588 00000000647c9e40
0x000000001722b6e0:   000000001bbd5760 00000000168611f0
0x000000001722b6f0:   000000001687db80 000000001722b820
0x000000001722b700:   00000000168611f0 0000000000000007
0x000000001722b710:   000000001722bbb0 00000000647987e3
0x000000001722b720:   000000001722bbb0 0000000000000001
0x000000001722b730:   0000000000000002 000000001722b7c8
0x000000001722b740:   000000001bbd57b0 000000001bbdd748
0x000000001722b750:   00000000001c9648 00000000168611f0
0x000000001722b760:   0000000000001000 000000001b652ce0
0x000000001722b770:   0000000000000ef7 000000006494d428
0x000000001722b780:   00000000168611f0 0000000000000200
0x000000001722b790:   000000001b65ad10 0000000000000007
0x000000001722b7a0:   000000001bbd5760 00000000168611f0 

Instructions: (pc=0x00000000647968ce)
0x00000000647968ae:   33 e4 89 8c 24 80 00 00 00 44 3b e1 0f 83 6e 01
0x00000000647968be:   00 00 49 8b 45 10 41 8b cc 41 ff c4 48 8b 1c c8
0x00000000647968ce:   8b 43 28 41 3b 42 28 73 0d 8b c8 49 8b 42 30 48
0x00000000647968de:   83 3c c8 00 75 3c 48 83 7b 10 00 74 35 49 8d b2 


Register to memory mapping:

RAX=0x000000001afcf938 is an unknown value
RBX=0x00000015000024bc is an unknown value
RCX=0x0000000000000000 is an unknown value
RDX=0x000000001b65ad10 is an unknown value
RSP=0x000000001722b6b0 is pointing into the stack for thread: 0x0000000016877800
RBP=0x0000000000000000 is an unknown value
RSI=0x0000000000000ef7 is an unknown value
RDI=0x000000001722b7c8 is pointing into the stack for thread: 0x0000000016877800
R8 =0x0000000000000125 is an unknown value
R9 =0x0000000010000000 is an unknown value
R10=0x000000001722bbb0 is pointing into the stack for thread: 0x0000000016877800
R11=0x000000001a2ef650 is an unknown value
R12=0x0000000000000001 is an unknown value
R13=0x000000001afcf910 is an unknown value
R14=0x000000001722b758 is pointing into the stack for thread: 0x0000000016877800
R15=0x000000001722b778 is pointing into the stack for thread: 0x0000000016877800


Stack: [0x0000000017130000,0x0000000017230000],  sp=0x000000001722b6b0,  free space=1005k
Native frames: (J=compiled Java code, j=interpreted, Vv=VM code, C=native code)


Current CompileTask:
C2:   7088 2215       4       org.objectweb.asm.signature.SignatureReader::parseType (415 bytes)


---------------  P R O C E S S  ---------------

Java Threads: ( => current thread )
  0x0000000016903000 JavaThread "Service Thread" daemon [_thread_blocked, id=4068, stack(0x0000000017430000,0x0000000017530000)]
  0x000000001687a800 JavaThread "C1 CompilerThread2" daemon [_thread_blocked, id=1932, stack(0x0000000017330000,0x0000000017430000)]
  0x0000000016879000 JavaThread "C2 CompilerThread1" daemon [_thread_in_native, id=2212, stack(0x0000000017230000,0x0000000017330000)]
=>0x0000000016877800 JavaThread "C2 CompilerThread0" daemon [_thread_in_native, id=3424, stack(0x0000000017130000,0x0000000017230000)]
  0x0000000016874800 JavaThread "Attach Listener" daemon [_thread_blocked, id=5752, stack(0x0000000017030000,0x0000000017130000)]
  0x0000000016873000 JavaThread "Signal Dispatcher" daemon [_thread_blocked, id=604, stack(0x0000000016f30000,0x0000000017030000)]
  0x0000000016870000 JavaThread "Surrogate Locker Thread (Concurrent GC)" daemon [_thread_blocked, id=4232, stack(0x0000000016e30000,0x0000000016f30000)]
  0x0000000016860800 JavaThread "Finalizer" daemon [_thread_blocked, id=2940, stack(0x0000000016c40000,0x0000000016d40000)]
  0x0000000015e2e800 JavaThread "Reference Handler" daemon [_thread_blocked, id=6164, stack(0x0000000016740000,0x0000000016840000)]
  0x0000000002ba6800 JavaThread "main" [_thread_in_Java, id=7040, stack(0x0000000002aa0000,0x0000000002ba0000)]

Other Threads:
  0x0000000015e24000 VMThread [stack: 0x0000000016640000,0x0000000016740000] [id=2892]
  0x0000000016979800 WatcherThread [stack: 0x0000000017530000,0x0000000017630000] [id=2372]

VM state:not at safepoint (normal execution)

VM Mutex/Monitor currently owned by a thread: None

Heap:
 par new generation   total 306688K, used 253571K [0x00000000c0000000, 0x00000000d4cc0000, 0x00000000d4cc0000)
  eden space 272640K,  80% used [0x00000000c0000000, 0x00000000cd660da8, 0x00000000d0a40000)
  from space 34048K,  99% used [0x00000000d2b80000, 0x00000000d4cbfff8, 0x00000000d4cc0000)
  to   space 34048K,   0% used [0x00000000d0a40000, 0x00000000d0a40000, 0x00000000d2b80000)
 concurrent mark-sweep generation total 707840K, used 18644K [0x00000000d4cc0000, 0x0000000100000000, 0x0000000100000000)
 Metaspace       used 19306K, capacity 19650K, committed 19712K, reserved 1067008K
  class space    used 2429K, capacity 2554K, committed 2560K, reserved 1048576K

Card table byte_map: [0x0000000012460000,0x0000000012670000] byte_map_base: 0x0000000011e60000

Marking Bits: (CMSBitMap*) 0x0000000002bff888
 Bits: [0x0000000012c20000, 0x00000000136ed000)

Mod Union Table: (CMSBitMap*) 0x0000000002bff948
 Bits: [0x0000000002a30000, 0x0000000002a5b340)

Polling page: 0x00000000011c0000

CodeCache: size=245760Kb used=9244Kb max_used=9244Kb free=236515Kb
 bounds [0x0000000002ca0000, 0x00000000035b0000, 0x0000000011ca0000]
 total_blobs=2675 nmethods=2256 adapters=333
 compilation: enabled

Compilation events (10 events):
Event: 7.034 Thread 0x000000001687a800 2272       2       org.objectweb.asm.MethodWriter::visitAnnotation (82 bytes)
Event: 7.035 Thread 0x000000001687a800 nmethod 2272 0x00000000035a9d10 code [0x00000000035a9ea0, 0x00000000035aa318]
Event: 7.036 Thread 0x000000001687a800 2273       2       org.objectweb.asm.ClassWriter::newInteger (64 bytes)
Event: 7.036 Thread 0x000000001687a800 nmethod 2273 0x00000000035aa550 code [0x00000000035aa6e0, 0x00000000035aa9a8]
Event: 7.041 Thread 0x000000001687a800 2276       2       org.objectweb.asm.ClassWriter::newDouble (74 bytes)
Event: 7.042 Thread 0x000000001687a800 nmethod 2276 0x00000000035aaed0 code [0x00000000035ab080, 0x00000000035ab3a8]
Event: 7.065 Thread 0x000000001687a800 2277       2       com.google.common.collect.RegularImmutableMap::size (6 bytes)
Event: 7.065 Thread 0x000000001687a800 nmethod 2277 0x00000000035ab590 code [0x00000000035ab6e0, 0x00000000035ab830]
Event: 7.065 Thread 0x000000001687a800 2278       2       com.google.common.collect.ImmutableMapEntrySet$RegularEntrySet::iterator (5 bytes)
Event: 7.065 Thread 0x000000001687a800 nmethod 2278 0x00000000035ab8d0 code [0x00000000035aba40, 0x00000000035abbc8]

GC Heap History (4 events):
Event: 1.705 GC heap before
{Heap before GC invocations=0 (full 0):
 par new generation   total 306688K, used 87287K [0x00000000c0000000, 0x00000000d4cc0000, 0x00000000d4cc0000)
  eden space 272640K,  32% used [0x00000000c0000000, 0x00000000c553ddb0, 0x00000000d0a40000)
  from space 34048K,   0% used [0x00000000d0a40000, 0x00000000d0a40000, 0x00000000d2b80000)
  to   space 34048K,   0% used [0x00000000d2b80000, 0x00000000d2b80000, 0x00000000d4cc0000)
 concurrent mark-sweep generation total 707840K, used 0K [0x00000000d4cc0000, 0x0000000100000000, 0x0000000100000000)
 Metaspace       used 13017K, capacity 13240K, committed 13568K, reserved 1060864K
  class space    used 1652K, capacity 1691K, committed 1792K, reserved 1048576K
Event: 1.750 GC heap after
Heap after GC invocations=1 (full 1):
 par new generation   total 306688K, used 0K [0x00000000c0000000, 0x00000000d4cc0000, 0x00000000d4cc0000)
  eden space 272640K,   0% used [0x00000000c0000000, 0x00000000c0000000, 0x00000000d0a40000)
  from space 34048K,   0% used [0x00000000d0a40000, 0x00000000d0a40000, 0x00000000d2b80000)
  to   space 34048K,   0% used [0x00000000d2b80000, 0x00000000d2b80000, 0x00000000d4cc0000)
 concurrent mark-sweep generation total 707840K, used 8596K [0x00000000d4cc0000, 0x0000000100000000, 0x0000000100000000)
 Metaspace       used 13017K, capacity 13240K, committed 13568K, reserved 1060864K
  class space    used 1652K, capacity 1691K, committed 1792K, reserved 1048576K
}
Event: 5.460 GC heap before
{Heap before GC invocations=1 (full 2):
 par new generation   total 306688K, used 272640K [0x00000000c0000000, 0x00000000d4cc0000, 0x00000000d4cc0000)
  eden space 272640K, 100% used [0x00000000c0000000, 0x00000000d0a40000, 0x00000000d0a40000)
  from space 34048K,   0% used [0x00000000d0a40000, 0x00000000d0a40000, 0x00000000d2b80000)
  to   space 34048K,   0% used [0x00000000d2b80000, 0x00000000d2b80000, 0x00000000d4cc0000)
 concurrent mark-sweep generation total 707840K, used 8596K [0x00000000d4cc0000, 0x0000000100000000, 0x0000000100000000)
 Metaspace       used 17655K, capacity 17954K, committed 18304K, reserved 1064960K
  class space    used 2247K, capacity 2330K, committed 2432K, reserved 1048576K
Event: 5.513 GC heap after
Heap after GC invocations=2 (full 2):
 par new generation   total 306688K, used 34047K [0x00000000c0000000, 0x00000000d4cc0000, 0x00000000d4cc0000)
  eden space 272640K,   0% used [0x00000000c0000000, 0x00000000c0000000, 0x00000000d0a40000)
  from space 34048K,  99% used [0x00000000d2b80000, 0x00000000d4cbfff8, 0x00000000d4cc0000)
  to   space 34048K,   0% used [0x00000000d0a40000, 0x00000000d0a40000, 0x00000000d2b80000)
 concurrent mark-sweep generation total 707840K, used 24075K [0x00000000d4cc0000, 0x0000000100000000, 0x0000000100000000)
 Metaspace       used 17655K, capacity 17954K, committed 18304K, reserved 1064960K
  class space    used 2247K, capacity 2330K, committed 2432K, reserved 1048576K
}

Deoptimization events (10 events):
Event: 6.521 Thread 0x0000000002ba6800 Uncommon trap: reason=class_check action=maybe_recompile pc=0x000000000352cdb0 method=java.net.URL.openStream()Ljava/io/InputStream; @ 4
Event: 6.524 Thread 0x0000000002ba6800 Uncommon trap: reason=class_check action=maybe_recompile pc=0x000000000352cdb0 method=java.net.URL.openStream()Ljava/io/InputStream; @ 4
Event: 6.622 Thread 0x0000000002ba6800 Uncommon trap: reason=unstable_if action=reinterpret pc=0x00000000032a1de4 method=org.objectweb.asm.tree.MethodNode.getLabelNodes([Ljava/lang/Object;)[Ljava/lang/Object; @ 24
Event: 6.700 Thread 0x0000000002ba6800 Uncommon trap: reason=range_check action=make_not_entrant pc=0x0000000003293d00 method=java.lang.String.charAt(I)C @ 27
Event: 6.711 Thread 0x0000000002ba6800 Uncommon trap: reason=bimorphic action=maybe_recompile pc=0x0000000003566fa0 method=org.objectweb.asm.ClassReader.accept(Lorg/objectweb/asm/ClassVisitor;[Lorg/objectweb/asm/Attribute;I)V @ 750
Event: 6.892 Thread 0x0000000002ba6800 Uncommon trap: reason=bimorphic action=maybe_recompile pc=0x0000000003566fa0 method=org.objectweb.asm.ClassReader.accept(Lorg/objectweb/asm/ClassVisitor;[Lorg/objectweb/asm/Attribute;I)V @ 750
Event: 6.892 Thread 0x0000000002ba6800 Uncommon trap: reason=bimorphic action=maybe_recompile pc=0x00000000035857fc method=org.objectweb.asm.ClassReader.readField(Lorg/objectweb/asm/ClassVisitor;Lorg/objectweb/asm/Context;I)I @ 649
Event: 6.892 Thread 0x0000000002ba6800 Uncommon trap: reason=bimorphic action=maybe_recompile pc=0x00000000035857fc method=org.objectweb.asm.ClassReader.readField(Lorg/objectweb/asm/ClassVisitor;Lorg/objectweb/asm/Context;I)I @ 649
Event: 6.892 Thread 0x0000000002ba6800 Uncommon trap: reason=bimorphic action=maybe_recompile pc=0x00000000035857fc method=org.objectweb.asm.ClassReader.readField(Lorg/objectweb/asm/ClassVisitor;Lorg/objectweb/asm/Context;I)I @ 649
Event: 6.892 Thread 0x0000000002ba6800 Uncommon trap: reason=bimorphic action=maybe_recompile pc=0x00000000035857fc method=org.objectweb.asm.ClassReader.readField(Lorg/objectweb/asm/ClassVisitor;Lorg/objectweb/asm/Context;I)I @ 649

Classes redefined (0 events):
No events

Internal exceptions (10 events):
Event: 6.068 Thread 0x0000000002ba6800 NullPointerException at vtable entry 0x0000000002db0828
Event: 6.068 Thread 0x0000000002ba6800 Exception <a 'java/lang/NullPointerException'> (0x00000000c50dccc0) thrown at [C:\re\workspace\8-2-build-windows-amd64-cygwin\jdk8u172\10810\hotspot\src\share\vm\runtime\sharedRuntime.cpp, line 605]
Event: 6.088 Thread 0x0000000002ba6800 NullPointerException at vtable entry 0x0000000002db0828
Event: 6.088 Thread 0x0000000002ba6800 Exception <a 'java/lang/NullPointerException'> (0x00000000c5346c50) thrown at [C:\re\workspace\8-2-build-windows-amd64-cygwin\jdk8u172\10810\hotspot\src\share\vm\runtime\sharedRuntime.cpp, line 605]
Event: 6.107 Thread 0x0000000002ba6800 NullPointerException at vtable entry 0x0000000002db0828
Event: 6.107 Thread 0x0000000002ba6800 Exception <a 'java/lang/NullPointerException'> (0x00000000c559d798) thrown at [C:\re\workspace\8-2-build-windows-amd64-cygwin\jdk8u172\10810\hotspot\src\share\vm\runtime\sharedRuntime.cpp, line 605]
Event: 6.157 Thread 0x0000000002ba6800 NullPointerException at vtable entry 0x0000000002db0828
Event: 6.157 Thread 0x0000000002ba6800 Exception <a 'java/lang/NullPointerException'> (0x00000000c5de70a0) thrown at [C:\re\workspace\8-2-build-windows-amd64-cygwin\jdk8u172\10810\hotspot\src\share\vm\runtime\sharedRuntime.cpp, line 605]
Event: 6.446 Thread 0x0000000002ba6800 NullPointerException at vtable entry 0x0000000002db0828
Event: 6.446 Thread 0x0000000002ba6800 Exception <a 'java/lang/NullPointerException'> (0x00000000c7c587e8) thrown at [C:\re\workspace\8-2-build-windows-amd64-cygwin\jdk8u172\10810\hotspot\src\share\vm\runtime\sharedRuntime.cpp, line 605]

Events (10 events):
Event: 6.978 Thread 0x0000000002ba6800 DEOPT PACKING pc=0x000000000354bf49 sp=0x0000000002b9a220
Event: 6.978 Thread 0x0000000002ba6800 DEOPT UNPACKING pc=0x0000000002ce71d0 sp=0x0000000002b99fc0 mode 0
Event: 7.025 Thread 0x0000000002ba6800 DEOPT PACKING pc=0x00000000035a4b44 sp=0x0000000002b9af40
Event: 7.025 Thread 0x0000000002ba6800 DEOPT UNPACKING pc=0x0000000002ce71d0 sp=0x0000000002b9ac50 mode 0
Event: 7.045 loading class net/minecraft/world/IBlockAccess
Event: 7.045 loading class net/minecraft/world/IBlockAccess done
Event: 7.046 loading class net/minecraftforge/common/capabilities/ICapabilityProvider
Event: 7.046 loading class net/minecraftforge/common/capabilities/ICapabilityProvider done
Event: 7.048 loading class net/minecraft/client/multiplayer/WorldClient
Event: 7.048 loading class net/minecraft/client/multiplayer/WorldClient done


Dynamic libraries:
0x00007ff7f3310000 - 0x00007ff7f3347000 	C:\Program Files\Java\jre1.8.0_172\bin\javaw.exe
0x00007ffe3e6a0000 - 0x00007ffe3e86f000 	C:\Windows\SYSTEM32\ntdll.dll
0x00007ffe3e480000 - 0x00007ffe3e52d000 	C:\Windows\System32\KERNEL32.DLL
0x00007ffe3b900000 - 0x00007ffe3bb1e000 	C:\Windows\System32\KERNELBASE.dll
0x00007ffe3bca0000 - 0x00007ffe3bd46000 	C:\Windows\System32\ADVAPI32.dll
0x00007ffe3e530000 - 0x00007ffe3e5ce000 	C:\Windows\System32\msvcrt.dll
0x00007ffe3e640000 - 0x00007ffe3e69b000 	C:\Windows\System32\sechost.dll
0x00007ffe3df40000 - 0x00007ffe3e05d000 	C:\Windows\System32\RPCRT4.dll
0x00007ffe3c540000 - 0x00007ffe3c6a6000 	C:\Windows\System32\USER32.dll
0x00007ffe3abd0000 - 0x00007ffe3abee000 	C:\Windows\System32\win32u.dll
0x00007ffe3be00000 - 0x00007ffe3be34000 	C:\Windows\System32\GDI32.dll
0x00007ffe3b370000 - 0x00007ffe3b4f4000 	C:\Windows\System32\gdi32full.dll
0x00007ffe287d0000 - 0x00007ffe28a4a000 	C:\Windows\WinSxS\amd64_microsoft.windows.common-controls_6595b64144ccf1df_6.0.14393.4169_none_7de0bbf28341b1f2\COMCTL32.dll
0x00007ffe3c270000 - 0x00007ffe3c536000 	C:\Windows\System32\combase.dll
0x00007ffe3b600000 - 0x00007ffe3b6f4000 	C:\Windows\System32\ucrtbase.dll
0x00007ffe3bb20000 - 0x00007ffe3bb8c000 	C:\Windows\System32\bcryptPrimitives.dll
0x00007ffe3bdb0000 - 0x00007ffe3bdde000 	C:\Windows\System32\IMM32.DLL
0x0000000064030000 - 0x0000000064102000 	C:\Program Files\Java\jre1.8.0_172\bin\msvcr100.dll
0x00000000642d0000 - 0x0000000064b73000 	C:\Program Files\Java\jre1.8.0_172\bin\server\jvm.dll
0x00007ffe3e330000 - 0x00007ffe3e338000 	C:\Windows\System32\PSAPI.DLL
0x00007ffe25920000 - 0x00007ffe25929000 	C:\Windows\SYSTEM32\WSOCK32.dll
0x00007ffe38ff0000 - 0x00007ffe39013000 	C:\Windows\SYSTEM32\WINMM.dll
0x00007ffe37760000 - 0x00007ffe3776a000 	C:\Windows\SYSTEM32\VERSION.dll
0x00007ffe38fc0000 - 0x00007ffe38feb000 	C:\Windows\SYSTEM32\WINMMBASE.dll
0x00007ffe3b5b0000 - 0x00007ffe3b5f2000 	C:\Windows\System32\cfgmgr32.dll
0x00007ffe3ded0000 - 0x00007ffe3df3a000 	C:\Windows\System32\WS2_32.dll
0x00000000641e0000 - 0x00000000641ef000 	C:\Program Files\Java\jre1.8.0_172\bin\verify.dll
0x00000000641b0000 - 0x00000000641d9000 	C:\Program Files\Java\jre1.8.0_172\bin\java.dll
0x0000000064190000 - 0x00000000641a6000 	C:\Program Files\Java\jre1.8.0_172\bin\zip.dll
0x00007ffe3c6b0000 - 0x00007ffe3dbb6000 	C:\Windows\System32\SHELL32.dll
0x00007ffe3abf0000 - 0x00007ffe3b2c3000 	C:\Windows\System32\windows.storage.dll
0x00007ffe3ab00000 - 0x00007ffe3ab4c000 	C:\Windows\System32\powrprof.dll
0x00007ffe3bd50000 - 0x00007ffe3bda2000 	C:\Windows\System32\shlwapi.dll
0x00007ffe3aae0000 - 0x00007ffe3aaef000 	C:\Windows\System32\kernel.appcore.dll
0x00007ffe3b500000 - 0x00007ffe3b5a8000 	C:\Windows\System32\shcore.dll
0x00007ffe3ab50000 - 0x00007ffe3ab64000 	C:\Windows\System32\profapi.dll
0x0000000064020000 - 0x000000006402d000 	C:\Program Files\Java\jre1.8.0_172\bin\management.dll
0x00007ffe3a5b0000 - 0x00007ffe3a5c7000 	C:\Windows\SYSTEM32\CRYPTSP.dll
0x00007ffe39f50000 - 0x00007ffe39f83000 	C:\Windows\system32\rsaenh.dll
0x00007ffe3a980000 - 0x00007ffe3a9ab000 	C:\Windows\SYSTEM32\bcrypt.dll
0x00007ffe3a270000 - 0x00007ffe3a290000 	C:\Windows\SYSTEM32\USERENV.dll
0x00007ffe3a5d0000 - 0x00007ffe3a5db000 	C:\Windows\SYSTEM32\CRYPTBASE.dll
0x0000000064170000 - 0x000000006418a000 	C:\Program Files\Java\jre1.8.0_172\bin\net.dll
0x00007ffe3a400000 - 0x00007ffe3a45d000 	C:\Windows\system32\mswsock.dll
0x00007ffe3a130000 - 0x00007ffe3a168000 	C:\Windows\SYSTEM32\IPHLPAPI.DLL
0x00007ffe3dec0000 - 0x00007ffe3dec8000 	C:\Windows\System32\NSI.dll
0x00007ffe30910000 - 0x00007ffe30926000 	C:\Windows\SYSTEM32\dhcpcsvc6.DLL
0x00007ffe308b0000 - 0x00007ffe308ca000 	C:\Windows\SYSTEM32\dhcpcsvc.DLL
0x0000000064150000 - 0x0000000064161000 	C:\Program Files\Java\jre1.8.0_172\bin\nio.dll
0x00007ffe386d0000 - 0x00007ffe386da000 	C:\Users\U.P\AppData\Local\Temp\jansi-64-2644622564778285790.dll
0x00007ffe27550000 - 0x00007ffe27566000 	C:\Windows\system32\napinsp.dll
0x00007ffe27840000 - 0x00007ffe2785a000 	C:\Windows\system32\pnrpnsp.dll
0x00007ffe381d0000 - 0x00007ffe381e8000 	C:\Windows\system32\NLAapi.dll
0x00007ffe3a170000 - 0x00007ffe3a212000 	C:\Windows\SYSTEM32\DNSAPI.dll
0x00007ffe27860000 - 0x00007ffe2786e000 	C:\Windows\System32\winrnr.dll
0x00007ffe33970000 - 0x00007ffe3397a000 	C:\Windows\System32\rasadhlp.dll
0x00007ffe302e0000 - 0x00007ffe3034a000 	C:\Windows\System32\fwpuclnt.dll
0x00007ffe12590000 - 0x00007ffe12722000 	C:\Windows\SYSTEM32\dbghelp.dll

VM Arguments:
jvm_args: -Xincgc -Xmx1024M -Xms1024M -Dfile.encoding=Cp1251 
java_command: GradleStart
java_class_path (initial): C:\Program Files\Java\jre1.8.0_172\lib\resources.jar;C:\Program Files\Java\jre1.8.0_172\lib\rt.jar;C:\Program Files\Java\jre1.8.0_172\lib\jsse.jar;C:\Program Files\Java\jre1.8.0_172\lib\jce.jar;C:\Program Files\Java\jre1.8.0_172\lib\charsets.jar;C:\Program Files\Java\jre1.8.0_172\lib\jfr.jar;C:\Program Files\Java\jre1.8.0_172\lib\ext\access-bridge-64.jar;C:\Program Files\Java\jre1.8.0_172\lib\ext\cldrdata.jar;C:\Program Files\Java\jre1.8.0_172\lib\ext\dnsns.jar;C:\Program Files\Java\jre1.8.0_172\lib\ext\jaccess.jar;C:\Program Files\Java\jre1.8.0_172\lib\ext\jfxrt.jar;C:\Program Files\Java\jre1.8.0_172\lib\ext\localedata.jar;C:\Program Files\Java\jre1.8.0_172\lib\ext\nashorn.jar;C:\Program Files\Java\jre1.8.0_172\lib\ext\sunec.jar;C:\Program Files\Java\jre1.8.0_172\lib\ext\sunjce_provider.jar;C:\Program Files\Java\jre1.8.0_172\lib\ext\sunmscapi.jar;C:\Program Files\Java\jre1.8.0_172\lib\ext\sunpkcs11.jar;C:\Program Files\Java\jre1.8.0_172\lib\ext\zipfs.jar;D:\JAVA_IDE\Projects\SimpleModByWordolon\bin;C:\Users\U.P\.gradle\caches\minecraft\net\minecraftforge\forge\1.12.2-14.23.4.2705\snapshot\20171003\forgeSrc-1.12.2-14.23.4.2705.jar;C:\Users\U.P\.gradle\caches\modules-2\files-2.1\com.google.code.findbugs\jsr305\3.0.1\f7be08ec23c21485b9b5a1cf1654c2ec8c58168d\jsr305-3.0.1.jar;C:\Users\U.P\.gradle\caches\modules-2\files-2.1\com.mojang\patchy\1.3.9\eb8bb7b66fa0e2152b1b40b3856e82f7619439ee\patchy-1.3.9.jar;C:\Users\U.P\.gradle\caches\modules-2\files-2.1\oshi-project\oshi-core\1.1\9ddf7b048a8d701be231c0f4f95fd986198fd2d8\oshi-core-1.1.jar;C:\Users\U.P\.gradle\caches\modules-2\files-2.1\net.java.dev.jna\jna\4.4.0\cb208278274bf12ebdb56c61bd7407e6f774d65a\jna-4.4.0.jar;C:\Users\U.P\.gradle\caches\modules-2\files-2.1\net.java.dev.jna\platform\3.4.0\e3f70017be8100d3d6923f50b3d2ee17714e9c13\platform-3.4.0.jar;C:\Users\U.P\.gradle\caches\modules-2\files-2.1\com.ibm.icu\icu4j-core-mojang\51.2\63d216a9311cca6be337c1e458e587f99d382b84\icu4j-core-mojang-51
Launcher Type: SUN_STANDARD

Environment Variables:
JAVA_HOME=C:\Program Files\Java\jre1.8.0_172
PATH=C:/Program Files/Java/jre1.8.0_172/bin/server;C:/Program Files/Java/jre1.8.0_172/bin;C:/Program Files/Java/jre1.8.0_172/lib/amd64;C:\Program Files (x86)\Common Files\Oracle\Java\javapath;C:\Program Files\Java\jre1.8.0_172\bin;C:\Users\U.P\AppData\Local\Microsoft\WindowsApps;C:\Users\U.P\.dotnet\tools;C:\Windows\system32;
USERNAME=U.P
OS=Windows_NT
PROCESSOR_IDENTIFIER=Intel64 Family 6 Model 23 Stepping 10, GenuineIntel



---------------  S Y S T E M  ---------------

OS: Windows 10.0 , 64 bit Build 14393 (10.0.14393.5066)

CPU:total 4 (initial active 4) (4 cores per cpu, 1 threads per core) family 6 model 23 stepping 10, cmov, cx8, fxsr, mmx, sse, sse2, sse3, ssse3, sse4.1, tsc

Memory: 4k page, physical 4192436k(1591848k free), swap 9959604k(4911440k free)

vm_info: Java HotSpot(TM) 64-Bit Server VM (25.172-b11) for windows-amd64 JRE (1.8.0_172-b11), built on Mar 28 2018 21:21:52 by "java_re" with MS VC++ 10.0 (VS2010)

time: Thu May 26 11:54:10 2022
elapsed time: 7 seconds (0d 0h 0m 7s)

