#
# A fatal error has been detected by the Java Runtime Environment:
#
#  EXCEPTION_ACCESS_VIOLATION (0xc0000005) at pc=0x00000000646845e3, pid=3204, tid=0x0000000000001ed0
#
# JRE version: Java(TM) SE Runtime Environment (8.0_172-b11) (build 1.8.0_172-b11)
# Java VM: Java HotSpot(TM) 64-Bit Server VM (25.172-b11 mixed mode windows-amd64 compressed oops)
# Problematic frame:
# V  [jvm.dll+0x3b45e3]
#
# Failed to write core dump. Minidumps are not enabled by default on client versions of Windows
#
# If you would like to submit a bug report, please visit:
#   http://bugreport.java.com/bugreport/crash.jsp
#

---------------  T H R E A D  ---------------

Current thread (0x0000000002f07800):  ConcurrentGCThread [stack: 0x0000000015e20000,0x0000000015f20000] [id=7888]

siginfo: ExceptionCode=0xc0000005, reading address 0x0000000000000028

Registers:
RAX=0x00000000139e0000, RBX=0x0000000015f1f750, RCX=0x0000000000000003, RDX=0x00000000db834a80
RSP=0x0000000015f1f600, RBP=0x00000000db8b6410, RSI=0x0000000015f1f750, RDI=0x00000000db8b6410
R8 =0x0000000002f06a38, R9 =0x0000000000000028, R10=0x0000000002f068b8, R11=0x0000000000000000
R12=0x0000000002f06940, R13=0x0000000000159a00, R14=0x0000000002f07d40, R15=0x0000000002f08118
RIP=0x00000000646845e3, EFLAGS=0x0000000000010206

Top of Stack: (sp=0x0000000015f1f600)
0x0000000015f1f600:   0000000015f1f750 0000000015f1f750
0x0000000015f1f610:   00000000db8b6410 00000000db8b6410
0x0000000015f1f620:   00000000db8b6400 0000000000000040
0x0000000015f1f630:   000000006491c208 00000000643a1600
0x0000000015f1f640:   0000000016107060 00000000648e14c8
0x0000000015f1f650:   00000000e045f700 0000000015f1f630
0x0000000015f1f660:   0000000002f06570 00000000d4cc0000
0x0000000015f1f670:   0000000005668000 0000000002f068b8
0x0000000015f1f680:   0000000002f06a38 00000000db8b6488
0x0000000015f1f690:   0000000015f1f750 0000000000000000
0x0000000015f1f6a0:   0000000000035fb2 000000006468638e
0x0000000015f1f6b0:   0000000000d7ec82 0000000064676a16
0x0000000015f1f6c0:   0000000002f06500 0000000000000000
0x0000000015f1f6d0:   0000000000000000 000000006455cacb
0x0000000015f1f6e0:   0000000005668000 0000000064546b06
0x0000000015f1f6f0:   0000000002f06570 0000000015f1f750 

Instructions: (pc=0x00000000646845e3)
0x00000000646845c3:   02 46 00 00 74 16 44 8b 4a 08 8b 0d 65 32 3f 00
0x00000000646845d3:   49 d3 e1 4c 03 0d 53 32 3f 00 eb 04 4c 8b 4a 08
0x00000000646845e3:   49 8b 01 4c 8d 44 24 30 49 8b c9 ff 90 00 02 00
0x00000000646845f3:   00 44 8b 1d 35 f1 46 00 45 85 db 7e 17 80 3d 0a 


Register to memory mapping:

RAX=0x00000000139e0000 is an unknown value
RBX=0x0000000015f1f750 is an unknown value
RCX=0x0000000000000003 is an unknown value
RDX=0x00000000db834a80 is pointing into object: 0x00000000db834a70
net.minecraftforge.registries.RegistryDelegate 
 - klass: 'net/minecraftforge/registries/RegistryDelegate'
RSP=0x0000000015f1f600 is an unknown value
RBP=0x00000000db8b6410 is an oop
java.lang.Class 
 - klass: 'java/lang/Class'
RSI=0x0000000015f1f750 is an unknown value
RDI=0x00000000db8b6410 is an oop
java.lang.Class 
 - klass: 'java/lang/Class'
R8 =0x0000000002f06a38 is an unknown value
R9 =0x0000000000000028 is an unknown value
R10=0x0000000002f068b8 is an unknown value
R11=0x0000000000000000 is an unknown value
R12=0x0000000002f06940 is an unknown value
R13=0x0000000000159a00 is an unknown value
R14=0x0000000002f07d40 is an unknown value
R15=0x0000000002f08118 is an unknown value


Stack: [0x0000000015e20000,0x0000000015f20000],  sp=0x0000000015f1f600,  free space=1021k
Native frames: (J=compiled Java code, j=interpreted, Vv=VM code, C=native code)
V  [jvm.dll+0x3b45e3]
V  [jvm.dll+0x3b638e]
V  [jvm.dll+0x276b06]
V  [jvm.dll+0x3b0cde]
V  [jvm.dll+0x3b8178]
V  [jvm.dll+0x3bb241]
V  [jvm.dll+0x3bcffa]
V  [jvm.dll+0x29ee4a]
C  [msvcr100.dll+0x21d9f]
C  [msvcr100.dll+0x21e3b]
C  [KERNEL32.DLL+0x84d4]
C  [ntdll.dll+0x51791]


---------------  P R O C E S S  ---------------

Java Threads: ( => current thread )
  0x000000001ae5e000 JavaThread "Keep-Alive-Timer" daemon [_thread_blocked, id=5952, stack(0x000000003fe30000,0x000000003ff30000)]
  0x000000001ae60800 JavaThread "pool-2-thread-1" [_thread_blocked, id=5968, stack(0x000000003fc30000,0x000000003fd30000)]
  0x000000001ae63000 JavaThread "Chunk I/O Executor Thread-1" daemon [_thread_blocked, id=4440, stack(0x00000000301a0000,0x00000000302a0000)]
  0x000000001ae5f000 JavaThread "Chunk Batcher 3" daemon [_thread_blocked, id=3640, stack(0x000000002e760000,0x000000002e860000)]
  0x000000001ae62000 JavaThread "Chunk Batcher 2" daemon [_thread_blocked, id=8020, stack(0x000000002e660000,0x000000002e760000)]
  0x000000001a806800 JavaThread "Chunk Batcher 1" daemon [_thread_blocked, id=7056, stack(0x000000002e560000,0x000000002e660000)]
  0x000000001a807800 JavaThread "Chunk Batcher 0" daemon [_thread_blocked, id=3364, stack(0x000000002e460000,0x000000002e560000)]
  0x000000001c03b800 JavaThread "Netty Server IO #1" daemon [_thread_in_native, id=6300, stack(0x000000002e160000,0x000000002e260000)]
  0x000000001c03a000 JavaThread "Netty Local Client IO #0" daemon [_thread_blocked, id=5084, stack(0x000000002e060000,0x000000002e160000)]
  0x000000001c03e000 JavaThread "Netty Server IO #0" daemon [_thread_in_native, id=8636, stack(0x000000002df60000,0x000000002e060000)]
  0x000000001c03f800 JavaThread "File IO Thread" [_thread_blocked, id=7580, stack(0x000000002de60000,0x000000002df60000)]
  0x000000001c03b000 JavaThread "Server thread" [_thread_blocked, id=8452, stack(0x000000002cd90000,0x000000002ce90000)]
  0x000000001c03f000 JavaThread "Snooper Timer" daemon [_thread_blocked, id=4120, stack(0x000000002cc90000,0x000000002cd90000)]
  0x000000001c040800 JavaThread "Narrator" daemon [_thread_blocked, id=952, stack(0x0000000029370000,0x0000000029470000)]
  0x000000001a804800 JavaThread "Thread-6" [_thread_blocked, id=6304, stack(0x0000000028460000,0x0000000028560000)]
  0x000000001a806000 JavaThread "Thread-5" [_thread_blocked, id=1220, stack(0x0000000028360000,0x0000000028460000)]
  0x0000000018935000 JavaThread "LWJGL Timer" daemon [_thread_blocked, id=7612, stack(0x0000000027560000,0x0000000027660000)]
  0x000000001ae43000 JavaThread "Java2D Disposer" daemon [_thread_blocked, id=6128, stack(0x000000001def0000,0x000000001dff0000)]
  0x0000000018c8f000 JavaThread "Timer hack thread" daemon [_thread_blocked, id=8940, stack(0x000000001d7b0000,0x000000001d8b0000)]
  0x00000000181ff000 JavaThread "Snooper Timer" daemon [_thread_blocked, id=5328, stack(0x000000001c0b0000,0x000000001c1b0000)]
  0x0000000016bda800 JavaThread "Service Thread" daemon [_thread_blocked, id=7892, stack(0x0000000017810000,0x0000000017910000)]
  0x0000000016b62000 JavaThread "C1 CompilerThread2" daemon [_thread_blocked, id=224, stack(0x0000000017710000,0x0000000017810000)]
  0x0000000016b60000 JavaThread "C2 CompilerThread1" daemon [_thread_blocked, id=7632, stack(0x0000000017610000,0x0000000017710000)]
  0x0000000016b5c800 JavaThread "C2 CompilerThread0" daemon [_thread_in_native, id=7460, stack(0x0000000017510000,0x0000000017610000)]
  0x0000000016b59800 JavaThread "Attach Listener" daemon [_thread_blocked, id=8804, stack(0x0000000017410000,0x0000000017510000)]
  0x0000000016b58000 JavaThread "Signal Dispatcher" daemon [_thread_blocked, id=744, stack(0x0000000017310000,0x0000000017410000)]
  0x0000000016b56800 JavaThread "Surrogate Locker Thread (Concurrent GC)" daemon [_thread_blocked, id=728, stack(0x0000000017210000,0x0000000017310000)]
  0x0000000016b40800 JavaThread "Finalizer" daemon [_thread_blocked, id=8228, stack(0x0000000016f20000,0x0000000017020000)]
  0x0000000016115000 JavaThread "Reference Handler" daemon [_thread_blocked, id=8828, stack(0x0000000016a20000,0x0000000016b20000)]
  0x0000000002ea6800 JavaThread "Client thread" [_thread_in_native, id=1200, stack(0x0000000002da0000,0x0000000002ea0000)]

Other Threads:
  0x000000001610a800 VMThread [stack: 0x0000000016920000,0x0000000016a20000] [id=8644]
  0x0000000016c39000 WatcherThread [stack: 0x0000000017910000,0x0000000017a10000] [id=724]

=>0x0000000002f07800 (exited) ConcurrentGCThread [stack: 0x0000000015e20000,0x0000000015f20000] [id=7888]

VM state:not at safepoint (normal execution)

VM Mutex/Monitor currently owned by a thread: None

Heap:
 par new generation   total 306688K, used 150615K [0x00000000c0000000, 0x00000000d4cc0000, 0x00000000d4cc0000)
  eden space 272640K,  53% used [0x00000000c0000000, 0x00000000c8db48c8, 0x00000000d0a40000)
  from space 34048K,  16% used [0x00000000d2b80000, 0x00000000d30e14f8, 0x00000000d4cc0000)
  to   space 34048K,   0% used [0x00000000d0a40000, 0x00000000d0a40000, 0x00000000d2b80000)
 concurrent mark-sweep generation total 707840K, used 260371K [0x00000000d4cc0000, 0x0000000100000000, 0x0000000100000000)
 Metaspace       used 59531K, capacity 60453K, committed 60800K, reserved 1101824K
  class space    used 7468K, capacity 7710K, committed 7808K, reserved 1048576K

Card table byte_map: [0x0000000012760000,0x0000000012970000] byte_map_base: 0x0000000012160000

Marking Bits: (CMSBitMap*) 0x0000000002f068b8
 Bits: [0x0000000012f10000, 0x00000000139dd000)

Mod Union Table: (CMSBitMap*) 0x0000000002f06978
 Bits: [0x00000000013d0000, 0x00000000013fb340)

Polling page: 0x00000000011a0000

CodeCache: size=245760Kb used=39464Kb max_used=40934Kb free=206295Kb
 bounds [0x0000000002fa0000, 0x00000000057e0000, 0x0000000011fa0000]
 total_blobs=10779 nmethods=9785 adapters=906
 compilation: enabled

Compilation events (10 events):
Event: 163.680 Thread 0x0000000016b60000 nmethod 13844 0x00000000051ca1d0 code [0x00000000051ca320, 0x00000000051ca3d8]
Event: 163.681 Thread 0x0000000016b62000 13846       3       net.minecraft.client.gui.inventory.GuiContainerCreative$CreativeSlot::getBackgroundSprite (8 bytes)
Event: 163.681 Thread 0x0000000016b62000 nmethod 13846 0x00000000034a7990 code [0x00000000034a7b00, 0x00000000034a7d28]
Event: 163.688 Thread 0x0000000016b62000 13847   !   3       net.minecraft.client.renderer.entity.RenderLivingBase::doRender (683 bytes)
Event: 163.688 Thread 0x0000000016b60000 13848       4       net.minecraft.client.renderer.entity.RenderLivingBase::getSwingProgress (6 bytes)
Event: 163.689 Thread 0x0000000016b60000 nmethod 13848 0x000000000346c110 code [0x000000000346c240, 0x000000000346c318]
Event: 163.700 Thread 0x0000000016b62000 nmethod 13847 0x00000000057cd590 code [0x00000000057ce2c0, 0x00000000057d5a18]
Event: 163.701 Thread 0x0000000016b62000 13849       3       net.minecraft.client.renderer.entity.RenderLivingBase::interpolateRotation (48 bytes)
Event: 163.701 Thread 0x0000000016b62000 nmethod 13849 0x00000000030f8e10 code [0x00000000030f8fc0, 0x00000000030f92d0]
Event: 163.703 Thread 0x0000000016b5c800 nmethod 13842 0x00000000031f0bd0 code [0x00000000031f0e80, 0x00000000031f1af8]

GC Heap History (10 events):
Event: 110.732 GC heap before
{Heap before GC invocations=20 (full 10):
 par new generation   total 306688K, used 114279K [0x00000000c0000000, 0x00000000d4cc0000, 0x00000000d4cc0000)
  eden space 272640K,  31% used [0x00000000c0000000, 0x00000000c534e590, 0x00000000d0a40000)
  from space 34048K,  85% used [0x00000000d2b80000, 0x00000000d47cb670, 0x00000000d4cc0000)
  to   space 34048K,   0% used [0x00000000d0a40000, 0x00000000d0a40000, 0x00000000d2b80000)
 concurrent mark-sweep generation total 707840K, used 197804K [0x00000000d4cc0000, 0x0000000100000000, 0x0000000100000000)
 Metaspace       used 57541K, capacity 58411K, committed 58880K, reserved 1099776K
  class space    used 7337K, capacity 7595K, committed 7680K, reserved 1048576K
Event: 111.650 GC heap after
Heap after GC invocations=21 (full 11):
 par new generation   total 306688K, used 0K [0x00000000c0000000, 0x00000000d4cc0000, 0x00000000d4cc0000)
  eden space 272640K,   0% used [0x00000000c0000000, 0x00000000c0000000, 0x00000000d0a40000)
  from space 34048K,   0% used [0x00000000d2b80000, 0x00000000d2b80000, 0x00000000d4cc0000)
  to   space 34048K,   0% used [0x00000000d0a40000, 0x00000000d0a40000, 0x00000000d2b80000)
 concurrent mark-sweep generation total 707840K, used 224892K [0x00000000d4cc0000, 0x0000000100000000, 0x0000000100000000)
 Metaspace       used 57541K, capacity 58411K, committed 58880K, reserved 1099776K
  class space    used 7337K, capacity 7595K, committed 7680K, reserved 1048576K
}
Event: 116.643 GC heap before
{Heap before GC invocations=21 (full 12):
 par new generation   total 306688K, used 272640K [0x00000000c0000000, 0x00000000d4cc0000, 0x00000000d4cc0000)
  eden space 272640K, 100% used [0x00000000c0000000, 0x00000000d0a40000, 0x00000000d0a40000)
  from space 34048K,   0% used [0x00000000d2b80000, 0x00000000d2b80000, 0x00000000d4cc0000)
  to   space 34048K,   0% used [0x00000000d0a40000, 0x00000000d0a40000, 0x00000000d2b80000)
 concurrent mark-sweep generation total 707840K, used 224892K [0x00000000d4cc0000, 0x0000000100000000, 0x0000000100000000)
 Metaspace       used 58438K, capacity 59333K, committed 59648K, reserved 1101824K
  class space    used 7427K, capacity 7678K, committed 7680K, reserved 1048576K
Event: 116.680 GC heap after
Heap after GC invocations=22 (full 12):
 par new generation   total 306688K, used 34048K [0x00000000c0000000, 0x00000000d4cc0000, 0x00000000d4cc0000)
  eden space 272640K,   0% used [0x00000000c0000000, 0x00000000c0000000, 0x00000000d0a40000)
  from space 34048K, 100% used [0x00000000d0a40000, 0x00000000d2b80000, 0x00000000d2b80000)
  to   space 34048K,   0% used [0x00000000d2b80000, 0x00000000d2b80000, 0x00000000d4cc0000)
 concurrent mark-sweep generation total 707840K, used 226597K [0x00000000d4cc0000, 0x0000000100000000, 0x0000000100000000)
 Metaspace       used 58438K, capacity 59333K, committed 59648K, reserved 1101824K
  class space    used 7427K, capacity 7678K, committed 7680K, reserved 1048576K
}
Event: 120.813 GC heap before
{Heap before GC invocations=22 (full 12):
 par new generation   total 306688K, used 306688K [0x00000000c0000000, 0x00000000d4cc0000, 0x00000000d4cc0000)
  eden space 272640K, 100% used [0x00000000c0000000, 0x00000000d0a40000, 0x00000000d0a40000)
  from space 34048K, 100% used [0x00000000d0a40000, 0x00000000d2b80000, 0x00000000d2b80000)
  to   space 34048K,   0% used [0x00000000d2b80000, 0x00000000d2b80000, 0x00000000d4cc0000)
 concurrent mark-sweep generation total 707840K, used 226597K [0x00000000d4cc0000, 0x0000000100000000, 0x0000000100000000)
 Metaspace       used 58742K, capacity 59653K, committed 59904K, reserved 1101824K
  class space    used 7428K, capacity 7678K, committed 7680K, reserved 1048576K
Event: 120.902 GC heap after
Heap after GC invocations=23 (full 12):
 par new generation   total 306688K, used 27243K [0x00000000c0000000, 0x00000000d4cc0000, 0x00000000d4cc0000)
  eden space 272640K,   0% used [0x00000000c0000000, 0x00000000c0000000, 0x00000000d0a40000)
  from space 34048K,  80% used [0x00000000d2b80000, 0x00000000d461af88, 0x00000000d4cc0000)
  to   space 34048K,   0% used [0x00000000d0a40000, 0x00000000d0a40000, 0x00000000d2b80000)
 concurrent mark-sweep generation total 707840K, used 261845K [0x00000000d4cc0000, 0x0000000100000000, 0x0000000100000000)
 Metaspace       used 58742K, capacity 59653K, committed 59904K, reserved 1101824K
  class space    used 7428K, capacity 7678K, committed 7680K, reserved 1048576K
}
Event: 124.766 GC heap before
{Heap before GC invocations=23 (full 12):
 par new generation   total 306688K, used 299883K [0x00000000c0000000, 0x00000000d4cc0000, 0x00000000d4cc0000)
  eden space 272640K, 100% used [0x00000000c0000000, 0x00000000d0a40000, 0x00000000d0a40000)
  from space 34048K,  80% used [0x00000000d2b80000, 0x00000000d461af88, 0x00000000d4cc0000)
  to   space 34048K,   0% used [0x00000000d0a40000, 0x00000000d0a40000, 0x00000000d2b80000)
 concurrent mark-sweep generation total 707840K, used 260371K [0x00000000d4cc0000, 0x0000000100000000, 0x0000000100000000)
 Metaspace       used 58849K, capacity 59781K, committed 60160K, reserved 1101824K
  class space    used 7428K, capacity 7678K, committed 7680K, reserved 1048576K
Event: 124.772 GC heap after
Heap after GC invocations=24 (full 12):
 par new generation   total 306688K, used 7014K [0x00000000c0000000, 0x00000000d4cc0000, 0x00000000d4cc0000)
  eden space 272640K,   0% used [0x00000000c0000000, 0x00000000c0000000, 0x00000000d0a40000)
  from space 34048K,  20% used [0x00000000d0a40000, 0x00000000d1119930, 0x00000000d2b80000)
  to   space 34048K,   0% used [0x00000000d2b80000, 0x00000000d2b80000, 0x00000000d4cc0000)
 concurrent mark-sweep generation total 707840K, used 260371K [0x00000000d4cc0000, 0x0000000100000000, 0x0000000100000000)
 Metaspace       used 58849K, capacity 59781K, committed 60160K, reserved 1101824K
  class space    used 7428K, capacity 7678K, committed 7680K, reserved 1048576K
}
Event: 160.670 GC heap before
{Heap before GC invocations=24 (full 13):
 par new generation   total 306688K, used 279654K [0x00000000c0000000, 0x00000000d4cc0000, 0x00000000d4cc0000)
  eden space 272640K, 100% used [0x00000000c0000000, 0x00000000d0a40000, 0x00000000d0a40000)
  from space 34048K,  20% used [0x00000000d0a40000, 0x00000000d1119930, 0x00000000d2b80000)
  to   space 34048K,   0% used [0x00000000d2b80000, 0x00000000d2b80000, 0x00000000d4cc0000)
 concurrent mark-sweep generation total 707840K, used 260371K [0x00000000d4cc0000, 0x0000000100000000, 0x0000000100000000)
 Metaspace       used 59113K, capacity 60037K, committed 60416K, reserved 1101824K
  class space    used 7432K, capacity 7678K, committed 7680K, reserved 1048576K
Event: 160.678 GC heap after
Heap after GC invocations=25 (full 13):
 par new generation   total 306688K, used 5509K [0x00000000c0000000, 0x00000000d4cc0000, 0x00000000d4cc0000)
  eden space 272640K,   0% used [0x00000000c0000000, 0x00000000c0000000, 0x00000000d0a40000)
  from space 34048K,  16% used [0x00000000d2b80000, 0x00000000d30e14f8, 0x00000000d4cc0000)
  to   space 34048K,   0% used [0x00000000d0a40000, 0x00000000d0a40000, 0x00000000d2b80000)
 concurrent mark-sweep generation total 707840K, used 260371K [0x00000000d4cc0000, 0x0000000100000000, 0x0000000100000000)
 Metaspace       used 59113K, capacity 60037K, committed 60416K, reserved 1101824K
  class space    used 7432K, capacity 7678K, committed 7680K, reserved 1048576K
}

Deoptimization events (10 events):
Event: 163.628 Thread 0x0000000002ea6800 Uncommon trap: reason=bimorphic action=maybe_recompile pc=0x00000000056c3410 method=net.minecraft.client.model.ModelBiped.render(Lnet/minecraft/entity/Entity;FFFFFF)V @ 12
Event: 163.628 Thread 0x0000000002ea6800 Uncommon trap: reason=bimorphic action=maybe_recompile pc=0x0000000005678474 method=net.minecraft.client.renderer.entity.layers.LayerHeldItem.doRenderLayer(Lnet/minecraft/entity/EntityLivingBase;FFFFFFF)V @ 1
Event: 163.628 Thread 0x0000000002ea6800 Uncommon trap: reason=class_check action=maybe_recompile pc=0x00000000055eb788 method=net.minecraft.client.renderer.entity.layers.LayerHeldItem.renderHeldItem(Lnet/minecraft/entity/EntityLivingBase;Lnet/minecraft/item/ItemStack;Lnet/minecraft/client/rende
Event: 163.628 Thread 0x0000000002ea6800 Uncommon trap: reason=bimorphic action=maybe_recompile pc=0x00000000056b30f4 method=net.minecraft.client.renderer.entity.layers.LayerCustomHead.doRenderLayer(Lnet/minecraft/entity/EntityLivingBase;FFFFFFF)V @ 4
Event: 163.628 Thread 0x0000000002ea6800 Uncommon trap: reason=bimorphic action=maybe_recompile pc=0x0000000005698a08 method=net.minecraft.client.renderer.entity.layers.LayerElytra.doRenderLayer(Lnet/minecraft/entity/EntityLivingBase;FFFFFFF)V @ 4
Event: 163.642 Thread 0x0000000002ea6800 Uncommon trap: reason=bimorphic action=maybe_recompile pc=0x00000000056c3410 method=net.minecraft.client.model.ModelBiped.render(Lnet/minecraft/entity/Entity;FFFFFF)V @ 12
Event: 163.642 Thread 0x0000000002ea6800 Uncommon trap: reason=bimorphic action=maybe_recompile pc=0x0000000005678474 method=net.minecraft.client.renderer.entity.layers.LayerHeldItem.doRenderLayer(Lnet/minecraft/entity/EntityLivingBase;FFFFFFF)V @ 1
Event: 163.642 Thread 0x0000000002ea6800 Uncommon trap: reason=class_check action=maybe_recompile pc=0x00000000055eb788 method=net.minecraft.client.renderer.entity.layers.LayerHeldItem.renderHeldItem(Lnet/minecraft/entity/EntityLivingBase;Lnet/minecraft/item/ItemStack;Lnet/minecraft/client/rende
Event: 163.642 Thread 0x0000000002ea6800 Uncommon trap: reason=bimorphic action=maybe_recompile pc=0x00000000056b30f4 method=net.minecraft.client.renderer.entity.layers.LayerCustomHead.doRenderLayer(Lnet/minecraft/entity/EntityLivingBase;FFFFFFF)V @ 4
Event: 163.642 Thread 0x0000000002ea6800 Uncommon trap: reason=bimorphic action=maybe_recompile pc=0x0000000005698a08 method=net.minecraft.client.renderer.entity.layers.LayerElytra.doRenderLayer(Lnet/minecraft/entity/EntityLivingBase;FFFFFFF)V @ 4

Classes redefined (0 events):
No events

Internal exceptions (10 events):
Event: 163.608 Thread 0x000000001a806000 Exception <a 'java/lang/InterruptedException': sleep interrupted> (0x00000000c1f6e540) thrown at [C:\re\workspace\8-2-build-windows-amd64-cygwin\jdk8u172\10810\hotspot\src\share\vm\prims\jvm.cpp, line 3273]
Event: 163.608 Thread 0x000000001a806000 Exception <a 'java/lang/InterruptedException': sleep interrupted> (0x00000000c1f6e7c0) thrown at [C:\re\workspace\8-2-build-windows-amd64-cygwin\jdk8u172\10810\hotspot\src\share\vm\prims\jvm.cpp, line 3273]
Event: 163.621 Thread 0x000000001a806000 Exception <a 'java/lang/InterruptedException': sleep interrupted> (0x00000000c1f6ea40) thrown at [C:\re\workspace\8-2-build-windows-amd64-cygwin\jdk8u172\10810\hotspot\src\share\vm\prims\jvm.cpp, line 3273]
Event: 163.635 Thread 0x000000001a806000 Exception <a 'java/lang/InterruptedException': sleep interrupted> (0x00000000c1f6ece8) thrown at [C:\re\workspace\8-2-build-windows-amd64-cygwin\jdk8u172\10810\hotspot\src\share\vm\prims\jvm.cpp, line 3273]
Event: 163.635 Thread 0x000000001a806000 Exception <a 'java/lang/InterruptedException': sleep interrupted> (0x00000000c1f6ef68) thrown at [C:\re\workspace\8-2-build-windows-amd64-cygwin\jdk8u172\10810\hotspot\src\share\vm\prims\jvm.cpp, line 3273]
Event: 163.651 Thread 0x000000001a806000 Exception <a 'java/lang/InterruptedException': sleep interrupted> (0x00000000c1f6f1e8) thrown at [C:\re\workspace\8-2-build-windows-amd64-cygwin\jdk8u172\10810\hotspot\src\share\vm\prims\jvm.cpp, line 3273]
Event: 163.672 Thread 0x000000001a806000 Exception <a 'java/lang/InterruptedException': sleep interrupted> (0x00000000c1f6f490) thrown at [C:\re\workspace\8-2-build-windows-amd64-cygwin\jdk8u172\10810\hotspot\src\share\vm\prims\jvm.cpp, line 3273]
Event: 163.685 Thread 0x000000001a806000 Exception <a 'java/lang/InterruptedException': sleep interrupted> (0x00000000c1f6f738) thrown at [C:\re\workspace\8-2-build-windows-amd64-cygwin\jdk8u172\10810\hotspot\src\share\vm\prims\jvm.cpp, line 3273]
Event: 163.685 Thread 0x000000001a806000 Exception <a 'java/lang/InterruptedException': sleep interrupted> (0x00000000c1f6f9b8) thrown at [C:\re\workspace\8-2-build-windows-amd64-cygwin\jdk8u172\10810\hotspot\src\share\vm\prims\jvm.cpp, line 3273]
Event: 163.701 Thread 0x000000001a806000 Exception <a 'java/lang/InterruptedException': sleep interrupted> (0x00000000c1f6fc38) thrown at [C:\re\workspace\8-2-build-windows-amd64-cygwin\jdk8u172\10810\hotspot\src\share\vm\prims\jvm.cpp, line 3273]

Events (10 events):
Event: 163.703 Thread 0x0000000016b5c800 flushing nmethod 0x0000000003cee550
Event: 163.704 Thread 0x0000000016b5c800 flushing nmethod 0x0000000003d1fd90
Event: 163.704 Thread 0x0000000016b5c800 flushing nmethod 0x0000000003d2f210
Event: 163.704 Thread 0x0000000016b5c800 flushing nmethod 0x0000000003d31ad0
Event: 163.704 Thread 0x0000000016b5c800 flushing nmethod 0x0000000003d5b0d0
Event: 163.704 Thread 0x0000000016b5c800 flushing nmethod 0x0000000003d5d550
Event: 163.704 Thread 0x0000000016b5c800 flushing nmethod 0x0000000003ec3610
Event: 163.704 Thread 0x0000000016b5c800 flushing nmethod 0x0000000003eea350
Event: 163.705 Thread 0x0000000016b5c800 flushing nmethod 0x0000000003f1d1d0
Event: 163.705 Thread 0x0000000016b5c800 flushing nmethod 0x0000000003f66c50


Dynamic libraries:
0x00007ff66a3e0000 - 0x00007ff66a417000 	C:\Program Files\Java\jre1.8.0_172\bin\javaw.exe
0x00007ffe3e6a0000 - 0x00007ffe3e86f000 	C:\Windows\SYSTEM32\ntdll.dll
0x00007ffe3e480000 - 0x00007ffe3e52d000 	C:\Windows\System32\KERNEL32.DLL
0x00007ffe3b900000 - 0x00007ffe3bb1e000 	C:\Windows\System32\KERNELBASE.dll
0x00007ffe3bca0000 - 0x00007ffe3bd46000 	C:\Windows\System32\ADVAPI32.dll
0x00007ffe3e530000 - 0x00007ffe3e5ce000 	C:\Windows\System32\msvcrt.dll
0x00007ffe3e640000 - 0x00007ffe3e69b000 	C:\Windows\System32\sechost.dll
0x00007ffe3df40000 - 0x00007ffe3e05d000 	C:\Windows\System32\RPCRT4.dll
0x00007ffe3c540000 - 0x00007ffe3c6a6000 	C:\Windows\System32\USER32.dll
0x00007ffe3abd0000 - 0x00007ffe3abee000 	C:\Windows\System32\win32u.dll
0x00007ffe3be00000 - 0x00007ffe3be34000 	C:\Windows\System32\GDI32.dll
0x00007ffe3b370000 - 0x00007ffe3b4f4000 	C:\Windows\System32\gdi32full.dll
0x00007ffe287d0000 - 0x00007ffe28a4a000 	C:\Windows\WinSxS\amd64_microsoft.windows.common-controls_6595b64144ccf1df_6.0.14393.4169_none_7de0bbf28341b1f2\COMCTL32.dll
0x00007ffe3c270000 - 0x00007ffe3c536000 	C:\Windows\System32\combase.dll
0x00007ffe3b600000 - 0x00007ffe3b6f4000 	C:\Windows\System32\ucrtbase.dll
0x00007ffe3bb20000 - 0x00007ffe3bb8c000 	C:\Windows\System32\bcryptPrimitives.dll
0x00007ffe3bdb0000 - 0x00007ffe3bdde000 	C:\Windows\System32\IMM32.DLL
0x0000000064030000 - 0x0000000064102000 	C:\Program Files\Java\jre1.8.0_172\bin\msvcr100.dll
0x00000000642d0000 - 0x0000000064b73000 	C:\Program Files\Java\jre1.8.0_172\bin\server\jvm.dll
0x00007ffe3e330000 - 0x00007ffe3e338000 	C:\Windows\System32\PSAPI.DLL
0x00007ffe386d0000 - 0x00007ffe386d9000 	C:\Windows\SYSTEM32\WSOCK32.dll
0x00007ffe3ded0000 - 0x00007ffe3df3a000 	C:\Windows\System32\WS2_32.dll
0x00007ffe38ff0000 - 0x00007ffe39013000 	C:\Windows\SYSTEM32\WINMM.dll
0x00007ffe37760000 - 0x00007ffe3776a000 	C:\Windows\SYSTEM32\VERSION.dll
0x00007ffe38fc0000 - 0x00007ffe38feb000 	C:\Windows\SYSTEM32\winmmbase.dll
0x00007ffe3b5b0000 - 0x00007ffe3b5f2000 	C:\Windows\System32\cfgmgr32.dll
0x00000000641e0000 - 0x00000000641ef000 	C:\Program Files\Java\jre1.8.0_172\bin\verify.dll
0x00000000641b0000 - 0x00000000641d9000 	C:\Program Files\Java\jre1.8.0_172\bin\java.dll
0x0000000064190000 - 0x00000000641a6000 	C:\Program Files\Java\jre1.8.0_172\bin\zip.dll
0x00007ffe3c6b0000 - 0x00007ffe3dbb6000 	C:\Windows\System32\SHELL32.dll
0x00007ffe3abf0000 - 0x00007ffe3b2c3000 	C:\Windows\System32\windows.storage.dll
0x00007ffe3ab00000 - 0x00007ffe3ab4c000 	C:\Windows\System32\powrprof.dll
0x00007ffe3bd50000 - 0x00007ffe3bda2000 	C:\Windows\System32\shlwapi.dll
0x00007ffe3aae0000 - 0x00007ffe3aaef000 	C:\Windows\System32\kernel.appcore.dll
0x00007ffe3b500000 - 0x00007ffe3b5a8000 	C:\Windows\System32\shcore.dll
0x00007ffe3ab50000 - 0x00007ffe3ab64000 	C:\Windows\System32\profapi.dll
0x0000000064020000 - 0x000000006402d000 	C:\Program Files\Java\jre1.8.0_172\bin\management.dll
0x00007ffe3a5b0000 - 0x00007ffe3a5c7000 	C:\Windows\SYSTEM32\CRYPTSP.dll
0x00007ffe39f50000 - 0x00007ffe39f83000 	C:\Windows\system32\rsaenh.dll
0x00007ffe3a980000 - 0x00007ffe3a9ab000 	C:\Windows\SYSTEM32\bcrypt.dll
0x00007ffe3a270000 - 0x00007ffe3a290000 	C:\Windows\SYSTEM32\USERENV.dll
0x00007ffe3a5d0000 - 0x00007ffe3a5db000 	C:\Windows\SYSTEM32\CRYPTBASE.dll
0x0000000064170000 - 0x000000006418a000 	C:\Program Files\Java\jre1.8.0_172\bin\net.dll
0x00007ffe3a400000 - 0x00007ffe3a45d000 	C:\Windows\system32\mswsock.dll
0x00007ffe3a130000 - 0x00007ffe3a168000 	C:\Windows\SYSTEM32\IPHLPAPI.DLL
0x00007ffe3dec0000 - 0x00007ffe3dec8000 	C:\Windows\System32\NSI.dll
0x00007ffe30910000 - 0x00007ffe30926000 	C:\Windows\SYSTEM32\dhcpcsvc6.DLL
0x00007ffe308b0000 - 0x00007ffe308ca000 	C:\Windows\SYSTEM32\dhcpcsvc.DLL
0x0000000064150000 - 0x0000000064161000 	C:\Program Files\Java\jre1.8.0_172\bin\nio.dll
0x00007ffe385d0000 - 0x00007ffe385da000 	C:\Users\U.P\AppData\Local\Temp\jansi-64-1177576368785265134.dll
0x00007ffe27550000 - 0x00007ffe27566000 	C:\Windows\system32\napinsp.dll
0x00007ffe27840000 - 0x00007ffe2785a000 	C:\Windows\system32\pnrpnsp.dll
0x00007ffe381d0000 - 0x00007ffe381e8000 	C:\Windows\system32\NLAapi.dll
0x00007ffe3a170000 - 0x00007ffe3a212000 	C:\Windows\SYSTEM32\DNSAPI.dll
0x00007ffe27860000 - 0x00007ffe2786e000 	C:\Windows\System32\winrnr.dll
0x00007ffe33970000 - 0x00007ffe3397a000 	C:\Windows\System32\rasadhlp.dll
0x00007ffe302e0000 - 0x00007ffe3034a000 	C:\Windows\System32\fwpuclnt.dll
0x0000000180000000 - 0x0000000180053000 	C:\Users\U.P\.gradle\caches\minecraft\net\minecraft\natives\1.12.2\lwjgl64.dll
0x00007ffe1f4c0000 - 0x00007ffe1f5e3000 	C:\Windows\SYSTEM32\OPENGL32.dll
0x00007ffe306a0000 - 0x00007ffe306cd000 	C:\Windows\SYSTEM32\GLU32.dll
0x00007ffe1f2e0000 - 0x00007ffe1f3d7000 	C:\Windows\SYSTEM32\DDRAW.dll
0x00007ffe383d0000 - 0x00007ffe383d8000 	C:\Windows\SYSTEM32\DCIMAN32.dll
0x0000000063e80000 - 0x0000000064019000 	C:\Program Files\Java\jre1.8.0_172\bin\awt.dll
0x00007ffe3e270000 - 0x00007ffe3e330000 	C:\Windows\System32\OLEAUT32.dll
0x00007ffe3b2d0000 - 0x00007ffe3b36c000 	C:\Windows\System32\msvcp_win.dll
0x00007ffe39110000 - 0x00007ffe3918a000 	C:\Windows\SYSTEM32\apphelp.dll
0x00007ffe392e0000 - 0x00007ffe39375000 	C:\Windows\system32\uxtheme.dll
0x00007ffe3e070000 - 0x00007ffe3e1cb000 	C:\Windows\System32\MSCTF.dll
0x00007ffe389c0000 - 0x00007ffe389e6000 	C:\Windows\system32\dwmapi.dll
0x00007ffe0a640000 - 0x00007ffe0d160000 	C:\Windows\System32\DriverStore\FileRepository\nv_dispi.inf_amd64_9be48e12ebceea24\nvoglv64.dll
0x00007ffe3be40000 - 0x00007ffe3c269000 	C:\Windows\System32\SETUPAPI.dll
0x00007ffe3e340000 - 0x00007ffe3e479000 	C:\Windows\System32\ole32.dll
0x00007ffe38770000 - 0x00007ffe38783000 	C:\Windows\SYSTEM32\WTSAPI32.dll
0x00007ffe3aaf0000 - 0x00007ffe3ab00000 	C:\Windows\System32\msasn1.dll
0x00007ffe37730000 - 0x00007ffe3775f000 	C:\Windows\SYSTEM32\cryptnet.dll
0x00007ffe3b700000 - 0x00007ffe3b8f3000 	C:\Windows\System32\CRYPT32.dll
0x00007ffe37120000 - 0x00007ffe37201000 	C:\Windows\SYSTEM32\drvstore.dll
0x00007ffe397c0000 - 0x00007ffe397e8000 	C:\Windows\SYSTEM32\devobj.dll
0x00007ffe39cb0000 - 0x00007ffe39cc9000 	C:\Windows\SYSTEM32\wldp.dll
0x00007ffe3ab70000 - 0x00007ffe3abc5000 	C:\Windows\System32\WINTRUST.dll
0x00007ffe397f0000 - 0x00007ffe39822000 	C:\Windows\SYSTEM32\ntmarta.dll
0x00007ffe28430000 - 0x00007ffe284c1000 	C:\Windows\SYSTEM32\mscms.dll
0x00007ffe269e0000 - 0x00007ffe26a22000 	C:\Windows\SYSTEM32\icm32.dll
0x00007ffe39ff0000 - 0x00007ffe3a046000 	C:\Windows\SYSTEM32\WINSTA.dll
0x00007ffe21f50000 - 0x00007ffe21f92000 	C:\Users\U.P\AppData\Local\Temp\jna-83191\jna2680264946485538476.dll
0x0000000064120000 - 0x0000000064144000 	C:\Program Files\Java\jre1.8.0_172\bin\sunec.dll
0x0000000064110000 - 0x000000006411b000 	C:\Program Files\Java\jre1.8.0_172\bin\sunmscapi.dll
0x0000000027a60000 - 0x0000000027ac4000 	C:\Users\U.P\.gradle\caches\minecraft\net\minecraft\natives\1.12.2\OpenAL64.dll
0x00007ffe3e1d0000 - 0x00007ffe3e26f000 	C:\Windows\System32\clbcatq.dll
0x00007ffe36240000 - 0x00007ffe362af000 	C:\Windows\System32\MMDevApi.dll
0x00007ffe38790000 - 0x00007ffe38915000 	C:\Windows\System32\PROPSYS.dll
0x00007ffe21eb0000 - 0x00007ffe21f4b000 	C:\Windows\SYSTEM32\dsound.dll
0x00007ffe21690000 - 0x00007ffe21724000 	C:\Windows\SYSTEM32\AUDIOSES.DLL
0x00007ffe379b0000 - 0x00007ffe37ae0000 	C:\Windows\SYSTEM32\wintypes.dll
0x00007ffe33b00000 - 0x00007ffe33b1a000 	C:\Users\U.P\.gradle\caches\minecraft\net\minecraft\natives\1.12.2\SAPIWrapper_x64.dll
0x00007ffe12590000 - 0x00007ffe12722000 	C:\Windows\SYSTEM32\dbghelp.dll

VM Arguments:
jvm_args: -Xincgc -Xmx1024M -Xms1024M -Dfile.encoding=Cp1251 
java_command: GradleStart
java_class_path (initial): C:\Program Files\Java\jre1.8.0_172\lib\resources.jar;C:\Program Files\Java\jre1.8.0_172\lib\rt.jar;C:\Program Files\Java\jre1.8.0_172\lib\jsse.jar;C:\Program Files\Java\jre1.8.0_172\lib\jce.jar;C:\Program Files\Java\jre1.8.0_172\lib\charsets.jar;C:\Program Files\Java\jre1.8.0_172\lib\jfr.jar;C:\Program Files\Java\jre1.8.0_172\lib\ext\access-bridge-64.jar;C:\Program Files\Java\jre1.8.0_172\lib\ext\cldrdata.jar;C:\Program Files\Java\jre1.8.0_172\lib\ext\dnsns.jar;C:\Program Files\Java\jre1.8.0_172\lib\ext\jaccess.jar;C:\Program Files\Java\jre1.8.0_172\lib\ext\jfxrt.jar;C:\Program Files\Java\jre1.8.0_172\lib\ext\localedata.jar;C:\Program Files\Java\jre1.8.0_172\lib\ext\nashorn.jar;C:\Program Files\Java\jre1.8.0_172\lib\ext\sunec.jar;C:\Program Files\Java\jre1.8.0_172\lib\ext\sunjce_provider.jar;C:\Program Files\Java\jre1.8.0_172\lib\ext\sunmscapi.jar;C:\Program Files\Java\jre1.8.0_172\lib\ext\sunpkcs11.jar;C:\Program Files\Java\jre1.8.0_172\lib\ext\zipfs.jar;D:\JAVA_IDE\Projects\SimpleModByWordolon\bin;C:\Users\U.P\.gradle\caches\minecraft\net\minecraftforge\forge\1.12.2-14.23.4.2705\snapshot\20171003\forgeSrc-1.12.2-14.23.4.2705.jar;C:\Users\U.P\.gradle\caches\modules-2\files-2.1\com.google.code.findbugs\jsr305\3.0.1\f7be08ec23c21485b9b5a1cf1654c2ec8c58168d\jsr305-3.0.1.jar;C:\Users\U.P\.gradle\caches\modules-2\files-2.1\com.mojang\patchy\1.3.9\eb8bb7b66fa0e2152b1b40b3856e82f7619439ee\patchy-1.3.9.jar;C:\Users\U.P\.gradle\caches\modules-2\files-2.1\oshi-project\oshi-core\1.1\9ddf7b048a8d701be231c0f4f95fd986198fd2d8\oshi-core-1.1.jar;C:\Users\U.P\.gradle\caches\modules-2\files-2.1\net.java.dev.jna\jna\4.4.0\cb208278274bf12ebdb56c61bd7407e6f774d65a\jna-4.4.0.jar;C:\Users\U.P\.gradle\caches\modules-2\files-2.1\net.java.dev.jna\platform\3.4.0\e3f70017be8100d3d6923f50b3d2ee17714e9c13\platform-3.4.0.jar;C:\Users\U.P\.gradle\caches\modules-2\files-2.1\com.ibm.icu\icu4j-core-mojang\51.2\63d216a9311cca6be337c1e458e587f99d382b84\icu4j-core-mojang-51
Launcher Type: SUN_STANDARD

Environment Variables:
JAVA_HOME=C:\Program Files\Java\jre1.8.0_172
PATH=C:/Program Files/Java/jre1.8.0_172/bin/server;C:/Program Files/Java/jre1.8.0_172/bin;C:/Program Files/Java/jre1.8.0_172/lib/amd64;C:\Program Files (x86)\Common Files\Oracle\Java\javapath;C:\Program Files\Java\jre1.8.0_172\bin;C:\Users\U.P\AppData\Local\Microsoft\WindowsApps;C:\Users\U.P\.dotnet\tools;C:\Windows\system32;
USERNAME=U.P
OS=Windows_NT
PROCESSOR_IDENTIFIER=Intel64 Family 6 Model 23 Stepping 10, GenuineIntel



---------------  S Y S T E M  ---------------

OS: Windows 10.0 , 64 bit Build 14393 (10.0.14393.5066)

CPU:total 4 (initial active 4) (4 cores per cpu, 1 threads per core) family 6 model 23 stepping 10, cmov, cx8, fxsr, mmx, sse, sse2, sse3, ssse3, sse4.1, tsc

Memory: 4k page, physical 4192436k(644988k free), swap 9959604k(1839504k free)

vm_info: Java HotSpot(TM) 64-Bit Server VM (25.172-b11) for windows-amd64 JRE (1.8.0_172-b11), built on Mar 28 2018 21:21:52 by "java_re" with MS VC++ 10.0 (VS2010)

time: Thu May 26 14:52:26 2022
elapsed time: 163 seconds (0d 0h 2m 43s)

