#
# A fatal error has been detected by the Java Runtime Environment:
#
#  EXCEPTION_ACCESS_VIOLATION (0xc0000005) at pc=0x00000000647e0bd6, pid=6020, tid=0x0000000000002374
#
# JRE version: Java(TM) SE Runtime Environment (8.0_172-b11) (build 1.8.0_172-b11)
# Java VM: Java HotSpot(TM) 64-Bit Server VM (25.172-b11 mixed mode windows-amd64 compressed oops)
# Problematic frame:
# V  [jvm.dll+0x510bd6]
#
# Failed to write core dump. Minidumps are not enabled by default on client versions of Windows
#
# If you would like to submit a bug report, please visit:
#   http://bugreport.java.com/bugreport/crash.jsp
#

---------------  T H R E A D  ---------------

Current thread (0x0000000016295800):  JavaThread "C2 CompilerThread0" daemon [_thread_in_native, id=9076, stack(0x0000000016b50000,0x0000000016c50000)]

siginfo: ExceptionCode=0xc0000005, reading address 0x0000000000000060

Registers:
RAX=0x0000000000000000, RBX=0x0000000019be6748, RCX=0x0000000019be6748, RDX=0x0000000019be6748
RSP=0x0000000016c4bba0, RBP=0x0000000016c4bd20, RSI=0x0000000019be6748, RDI=0x0000000016c4d488
R8 =0x000000001bf66d60, R9 =0x0000000000000800, R10=0x0000000016c4c0b0, R11=0x000000001b2afca0
R12=0x0000000016280ef0, R13=0x0000000016c4cb00, R14=0x0000000000000013, R15=0x0000000016280ef0
RIP=0x00000000647e0bd6, EFLAGS=0x0000000000010206

Top of Stack: (sp=0x0000000016c4bba0)
0x0000000016c4bba0:   0000000000000001 0000000064796a39
0x0000000016c4bbb0:   000000001beec158 0000000000000257
0x0000000016c4bbc0:   0000000000000800 00000000647e20ae
0x0000000016c4bbd0:   0000000019be6748 00000000647c9e40
0x0000000016c4bbe0:   0000000017729a20 0000000016280ef0
0x0000000016c4bbf0:   0000000016280ef0 0000000000000013
0x0000000016c4bc00:   0000000017729a20 0000000016c4bd20
0x0000000016c4bc10:   0000000000000001 0000000064798847
0x0000000016c4bc20:   0000000016c4c000 0000000019a4f9d0
0x0000000016c4bc30:   0000000016c4c0b0 0000000016280ef0
0x0000000016c4bc40:   0000000017729a70 0000000017731a08
0x0000000016c4bc50:   0000000000070248 0000000016280ef0
0x0000000016c4bc60:   0000000000000400 000000001a6ef0a0
0x0000000016c4bc70:   0000000000000000 000000006494d428
0x0000000016c4bc80:   0000000016280ef0 0000000000000080
0x0000000016c4bc90:   000000001c21a900 0000000000000013 

Instructions: (pc=0x00000000647e0bd6)
0x00000000647e0bb6:   5f c3 cc cc cc cc cc cc cc cc 48 89 5c 24 08 57
0x00000000647e0bc6:   48 83 ec 20 48 8b 02 48 8b f9 48 8b ca 48 8b da
0x00000000647e0bd6:   ff 50 60 85 c0 74 39 44 8b 57 08 4c 8b 47 18 41
0x00000000647e0be6:   ff ca 41 8b ca 23 c8 44 8b c9 8b c1 49 8b 14 c8 


Register to memory mapping:

RAX=0x0000000000000000 is an unknown value
RBX=0x0000000019be6748 is an unknown value
RCX=0x0000000019be6748 is an unknown value
RDX=0x0000000019be6748 is an unknown value
RSP=0x0000000016c4bba0 is pointing into the stack for thread: 0x0000000016295800
RBP=0x0000000016c4bd20 is pointing into the stack for thread: 0x0000000016295800
RSI=0x0000000019be6748 is an unknown value
RDI=0x0000000016c4d488 is pointing into the stack for thread: 0x0000000016295800
R8 =0x000000001bf66d60 is an unknown value
R9 =0x0000000000000800 is an unknown value
R10=0x0000000016c4c0b0 is pointing into the stack for thread: 0x0000000016295800
R11=0x000000001b2afca0 is an unknown value
R12=0x0000000016280ef0 is an unknown value
R13=0x0000000016c4cb00 is pointing into the stack for thread: 0x0000000016295800
R14=0x0000000000000013 is an unknown value
R15=0x0000000016280ef0 is an unknown value


Stack: [0x0000000016b50000,0x0000000016c50000],  sp=0x0000000016c4bba0,  free space=1006k
Native frames: (J=compiled Java code, j=interpreted, Vv=VM code, C=native code)
V  [jvm.dll+0x510bd6]
V  [jvm.dll+0x5120ae]
V  [jvm.dll+0x4c8847]
V  [jvm.dll+0x478759]
V  [jvm.dll+0x479a33]
V  [jvm.dll+0x45c2c2]
V  [jvm.dll+0xa68f2]
V  [jvm.dll+0xa723f]
V  [jvm.dll+0x24645f]
V  [jvm.dll+0x29ee4a]
C  [msvcr100.dll+0x21d9f]
C  [msvcr100.dll+0x21e3b]
C  [KERNEL32.DLL+0x84d4]
C  [ntdll.dll+0x51791]


Current CompileTask:
C2:  57153 12259       4       net.minecraft.pathfinding.PathNavigate::onUpdateNavigation (256 bytes)


---------------  P R O C E S S  ---------------

Java Threads: ( => current thread )
  0x0000000019b78800 JavaThread "pool-2-thread-1" [_thread_blocked, id=8292, stack(0x00000000412d0000,0x00000000413d0000)]
  0x0000000019b7b000 JavaThread "Chunk I/O Executor Thread-1" daemon [_thread_blocked, id=8764, stack(0x000000002f1c0000,0x000000002f2c0000)]
  0x0000000019b7b800 JavaThread "Chunk Batcher 3" daemon [_thread_blocked, id=7080, stack(0x000000002e0a0000,0x000000002e1a0000)]
  0x0000000019b7c800 JavaThread "Chunk Batcher 2" daemon [_thread_blocked, id=8112, stack(0x000000002dfa0000,0x000000002e0a0000)]
  0x0000000019b77000 JavaThread "Chunk Batcher 1" daemon [_thread_blocked, id=8176, stack(0x000000002dea0000,0x000000002dfa0000)]
  0x0000000019b7d000 JavaThread "Chunk Batcher 0" daemon [_thread_blocked, id=2640, stack(0x000000002dda0000,0x000000002dea0000)]
  0x0000000018195000 JavaThread "Netty Server IO #1" daemon [_thread_in_native, id=4656, stack(0x000000002dba0000,0x000000002dca0000)]
  0x0000000018194000 JavaThread "Netty Local Client IO #0" daemon [_thread_blocked, id=3776, stack(0x000000002daa0000,0x000000002dba0000)]
  0x000000001819b000 JavaThread "Netty Server IO #0" daemon [_thread_in_native, id=7096, stack(0x000000002d9a0000,0x000000002daa0000)]
  0x000000001819a000 JavaThread "File IO Thread" [_thread_blocked, id=7608, stack(0x000000002d8a0000,0x000000002d9a0000)]
  0x0000000018196800 JavaThread "Server thread" [_thread_blocked, id=6376, stack(0x000000002d7a0000,0x000000002d8a0000)]
  0x0000000018198800 JavaThread "Snooper Timer" daemon [_thread_blocked, id=8844, stack(0x000000002d6a0000,0x000000002d7a0000)]
  0x0000000018195800 JavaThread "Keep-Alive-Timer" daemon [_thread_blocked, id=8448, stack(0x000000002d5a0000,0x000000002d6a0000)]
  0x0000000018197000 JavaThread "Narrator" daemon [_thread_blocked, id=1240, stack(0x0000000029ae0000,0x0000000029be0000)]
  0x0000000017ed9000 JavaThread "Thread-6" [_thread_blocked, id=7992, stack(0x0000000028cd0000,0x0000000028dd0000)]
  0x0000000017cae000 JavaThread "Thread-5" [_thread_blocked, id=7868, stack(0x0000000028bd0000,0x0000000028cd0000)]
  0x0000000019839800 JavaThread "LWJGL Timer" daemon [_thread_blocked, id=5624, stack(0x0000000027dd0000,0x0000000027ed0000)]
  0x000000001ab0d800 JavaThread "Java2D Disposer" daemon [_thread_blocked, id=2764, stack(0x000000001cb60000,0x000000001cc60000)]
  0x00000000181dc800 JavaThread "Timer hack thread" daemon [_thread_blocked, id=6560, stack(0x000000001ba10000,0x000000001bb10000)]
  0x000000001b52a000 JavaThread "Snooper Timer" daemon [_thread_blocked, id=8920, stack(0x000000001b6f0000,0x000000001b7f0000)]
  0x0000000016312800 JavaThread "Service Thread" daemon [_thread_blocked, id=8216, stack(0x0000000016e50000,0x0000000016f50000)]
  0x0000000016298800 JavaThread "C1 CompilerThread2" daemon [_thread_in_vm, id=5804, stack(0x0000000016d50000,0x0000000016e50000)]
  0x0000000016296800 JavaThread "C2 CompilerThread1" daemon [_thread_in_native, id=9152, stack(0x0000000016c50000,0x0000000016d50000)]
=>0x0000000016295800 JavaThread "C2 CompilerThread0" daemon [_thread_in_native, id=9076, stack(0x0000000016b50000,0x0000000016c50000)]
  0x0000000016292800 JavaThread "Attach Listener" daemon [_thread_blocked, id=6380, stack(0x0000000016a50000,0x0000000016b50000)]
  0x000000001585d800 JavaThread "Signal Dispatcher" daemon [_thread_blocked, id=6364, stack(0x0000000016950000,0x0000000016a50000)]
  0x000000001585c000 JavaThread "Surrogate Locker Thread (Concurrent GC)" daemon [_thread_blocked, id=1968, stack(0x0000000016850000,0x0000000016950000)]
  0x0000000016280800 JavaThread "Finalizer" daemon [_thread_blocked, id=8332, stack(0x0000000016660000,0x0000000016760000)]
  0x000000001584f800 JavaThread "Reference Handler" daemon [_thread_blocked, id=5236, stack(0x0000000016160000,0x0000000016260000)]
  0x00000000025e6800 JavaThread "Client thread" [_thread_in_vm, id=4456, stack(0x00000000024e0000,0x00000000025e0000)]

Other Threads:
  0x0000000015843800 VMThread [stack: 0x0000000016060000,0x0000000016160000] [id=3516]
  0x000000001638a000 WatcherThread [stack: 0x0000000016f50000,0x0000000017050000] [id=6248]

VM state:not at safepoint (normal execution)

VM Mutex/Monitor currently owned by a thread: None

Heap:
 par new generation   total 306688K, used 214638K [0x00000000c0000000, 0x00000000d4cc0000, 0x00000000d4cc0000)
  eden space 272640K,  66% used [0x00000000c0000000, 0x00000000cb05bb50, 0x00000000d0a40000)
  from space 34048K, 100% used [0x00000000d0a40000, 0x00000000d2b80000, 0x00000000d2b80000)
  to   space 34048K,   0% used [0x00000000d2b80000, 0x00000000d2b80000, 0x00000000d4cc0000)
 concurrent mark-sweep generation total 707840K, used 226989K [0x00000000d4cc0000, 0x0000000100000000, 0x0000000100000000)
 Metaspace       used 58322K, capacity 59179K, committed 59392K, reserved 1101824K
  class space    used 7418K, capacity 7647K, committed 7680K, reserved 1048576K

Card table byte_map: [0x0000000011ea0000,0x00000000120b0000] byte_map_base: 0x00000000118a0000

Marking Bits: (CMSBitMap*) 0x000000000263f298
 Bits: [0x0000000012650000, 0x000000001311d000)

Mod Union Table: (CMSBitMap*) 0x000000000263f358
 Bits: [0x0000000002420000, 0x000000000244b340)

Polling page: 0x0000000000bc0000

CodeCache: size=245760Kb used=31863Kb max_used=32495Kb free=213896Kb
 bounds [0x00000000026e0000, 0x0000000004720000, 0x00000000116e0000]
 total_blobs=9705 nmethods=8724 adapters=893
 compilation: enabled

Compilation events (10 events):
Event: 57.074 Thread 0x0000000016295800 nmethod 12258 0x00000000043d6910 code [0x00000000043d6a80, 0x00000000043d6f08]
Event: 57.079 Thread 0x0000000016295800 12259       4       net.minecraft.pathfinding.PathNavigate::onUpdateNavigation (256 bytes)
Event: 57.095 Thread 0x0000000016298800 12263       3       net.minecraft.client.renderer.GlStateManager::enableColorMaterial (10 bytes)
Event: 57.096 Thread 0x0000000016298800 nmethod 12263 0x0000000004236790 code [0x0000000004236900, 0x0000000004236b08]
Event: 57.098 Thread 0x0000000016298800 12265       3       net.minecraft.block.BlockDirt::getActualState (68 bytes)
Event: 57.099 Thread 0x0000000016298800 nmethod 12265 0x00000000045be110 code [0x00000000045be300, 0x00000000045bebc8]
Event: 57.101 Thread 0x0000000016298800 12266       3       net.minecraft.entity.player.PlayerCapabilities::getWalkSpeed (5 bytes)
Event: 57.101 Thread 0x0000000016298800 nmethod 12266 0x000000000290ff90 code [0x00000000029100e0, 0x0000000002910230]
Event: 57.104 Thread 0x0000000016298800 12267       3       net.minecraft.block.BlockBush::getBlockLayer (4 bytes)
Event: 57.104 Thread 0x0000000016298800 nmethod 12267 0x0000000004302350 code [0x00000000043024a0, 0x00000000043025f0]

GC Heap History (10 events):
Event: 45.302 GC heap before
{Heap before GC invocations=17 (full 10):
 par new generation   total 306688K, used 272640K [0x00000000c0000000, 0x00000000d4cc0000, 0x00000000d4cc0000)
  eden space 272640K, 100% used [0x00000000c0000000, 0x00000000d0a40000, 0x00000000d0a40000)
  from space 34048K,   0% used [0x00000000d0a40000, 0x00000000d0a40000, 0x00000000d2b80000)
  to   space 34048K,   0% used [0x00000000d2b80000, 0x00000000d2b80000, 0x00000000d4cc0000)
 concurrent mark-sweep generation total 707840K, used 151348K [0x00000000d4cc0000, 0x0000000100000000, 0x0000000100000000)
 Metaspace       used 51695K, capacity 52447K, committed 52736K, reserved 1095680K
  class space    used 6665K, capacity 6865K, committed 6912K, reserved 1048576K
Event: 45.334 GC heap after
Heap after GC invocations=18 (full 10):
 par new generation   total 306688K, used 21378K [0x00000000c0000000, 0x00000000d4cc0000, 0x00000000d4cc0000)
  eden space 272640K,   0% used [0x00000000c0000000, 0x00000000c0000000, 0x00000000d0a40000)
  from space 34048K,  62% used [0x00000000d2b80000, 0x00000000d4060a70, 0x00000000d4cc0000)
  to   space 34048K,   0% used [0x00000000d0a40000, 0x00000000d0a40000, 0x00000000d2b80000)
 concurrent mark-sweep generation total 707840K, used 151348K [0x00000000d4cc0000, 0x0000000100000000, 0x0000000100000000)
 Metaspace       used 51695K, capacity 52447K, committed 52736K, reserved 1095680K
  class space    used 6665K, capacity 6865K, committed 6912K, reserved 1048576K
}
Event: 47.818 GC heap before
{Heap before GC invocations=18 (full 10):
 par new generation   total 306688K, used 294018K [0x00000000c0000000, 0x00000000d4cc0000, 0x00000000d4cc0000)
  eden space 272640K, 100% used [0x00000000c0000000, 0x00000000d0a40000, 0x00000000d0a40000)
  from space 34048K,  62% used [0x00000000d2b80000, 0x00000000d4060a70, 0x00000000d4cc0000)
  to   space 34048K,   0% used [0x00000000d0a40000, 0x00000000d0a40000, 0x00000000d2b80000)
 concurrent mark-sweep generation total 707840K, used 147599K [0x00000000d4cc0000, 0x0000000100000000, 0x0000000100000000)
 Metaspace       used 53222K, capacity 53973K, committed 54272K, reserved 1095680K
  class space    used 6849K, capacity 7066K, committed 7168K, reserved 1048576K
Event: 47.858 GC heap after
Heap after GC invocations=19 (full 10):
 par new generation   total 306688K, used 34048K [0x00000000c0000000, 0x00000000d4cc0000, 0x00000000d4cc0000)
  eden space 272640K,   0% used [0x00000000c0000000, 0x00000000c0000000, 0x00000000d0a40000)
  from space 34048K, 100% used [0x00000000d0a40000, 0x00000000d2b80000, 0x00000000d2b80000)
  to   space 34048K,   0% used [0x00000000d2b80000, 0x00000000d2b80000, 0x00000000d4cc0000)
 concurrent mark-sweep generation total 707840K, used 160259K [0x00000000d4cc0000, 0x0000000100000000, 0x0000000100000000)
 Metaspace       used 53222K, capacity 53973K, committed 54272K, reserved 1095680K
  class space    used 6849K, capacity 7066K, committed 7168K, reserved 1048576K
}
Event: 50.760 GC heap before
{Heap before GC invocations=19 (full 10):
 par new generation   total 306688K, used 306688K [0x00000000c0000000, 0x00000000d4cc0000, 0x00000000d4cc0000)
  eden space 272640K, 100% used [0x00000000c0000000, 0x00000000d0a40000, 0x00000000d0a40000)
  from space 34048K, 100% used [0x00000000d0a40000, 0x00000000d2b80000, 0x00000000d2b80000)
  to   space 34048K,   0% used [0x00000000d2b80000, 0x00000000d2b80000, 0x00000000d4cc0000)
 concurrent mark-sweep generation total 707840K, used 160259K [0x00000000d4cc0000, 0x0000000100000000, 0x0000000100000000)
 Metaspace       used 56853K, capacity 57611K, committed 57984K, reserved 1099776K
  class space    used 7301K, capacity 7499K, committed 7552K, reserved 1048576K
Event: 50.841 GC heap after
Heap after GC invocations=20 (full 10):
 par new generation   total 306688K, used 28662K [0x00000000c0000000, 0x00000000d4cc0000, 0x00000000d4cc0000)
  eden space 272640K,   0% used [0x00000000c0000000, 0x00000000c0000000, 0x00000000d0a40000)
  from space 34048K,  84% used [0x00000000d2b80000, 0x00000000d477dbe8, 0x00000000d4cc0000)
  to   space 34048K,   0% used [0x00000000d0a40000, 0x00000000d0a40000, 0x00000000d2b80000)
 concurrent mark-sweep generation total 707840K, used 192503K [0x00000000d4cc0000, 0x0000000100000000, 0x0000000100000000)
 Metaspace       used 56853K, capacity 57611K, committed 57984K, reserved 1099776K
  class space    used 7301K, capacity 7499K, committed 7552K, reserved 1048576K
}
Event: 51.681 GC heap before
{Heap before GC invocations=20 (full 11):
 par new generation   total 306688K, used 103104K [0x00000000c0000000, 0x00000000d4cc0000, 0x00000000d4cc0000)
  eden space 272640K,  27% used [0x00000000c0000000, 0x00000000c48b2680, 0x00000000d0a40000)
  from space 34048K,  84% used [0x00000000d2b80000, 0x00000000d477dbe8, 0x00000000d4cc0000)
  to   space 34048K,   0% used [0x00000000d0a40000, 0x00000000d0a40000, 0x00000000d2b80000)
 concurrent mark-sweep generation total 707840K, used 192503K [0x00000000d4cc0000, 0x0000000100000000, 0x0000000100000000)
 Metaspace       used 57253K, capacity 58059K, committed 58368K, reserved 1099776K
  class space    used 7323K, capacity 7563K, committed 7680K, reserved 1048576K
Event: 52.527 GC heap after
Heap after GC invocations=21 (full 12):
 par new generation   total 306688K, used 0K [0x00000000c0000000, 0x00000000d4cc0000, 0x00000000d4cc0000)
  eden space 272640K,   0% used [0x00000000c0000000, 0x00000000c0000000, 0x00000000d0a40000)
  from space 34048K,   0% used [0x00000000d2b80000, 0x00000000d2b80000, 0x00000000d4cc0000)
  to   space 34048K,   0% used [0x00000000d0a40000, 0x00000000d0a40000, 0x00000000d2b80000)
 concurrent mark-sweep generation total 707840K, used 225997K [0x00000000d4cc0000, 0x0000000100000000, 0x0000000100000000)
 Metaspace       used 57253K, capacity 58059K, committed 58368K, reserved 1099776K
  class space    used 7323K, capacity 7563K, committed 7680K, reserved 1048576K
}
Event: 54.593 GC heap before
{Heap before GC invocations=21 (full 12):
 par new generation   total 306688K, used 265996K [0x00000000c0000000, 0x00000000d4cc0000, 0x00000000d4cc0000)
  eden space 272640K,  97% used [0x00000000c0000000, 0x00000000d03c3390, 0x00000000d0a40000)
  from space 34048K,   0% used [0x00000000d2b80000, 0x00000000d2b80000, 0x00000000d4cc0000)
  to   space 34048K,   0% used [0x00000000d0a40000, 0x00000000d0a40000, 0x00000000d2b80000)
 concurrent mark-sweep generation total 707840K, used 225997K [0x00000000d4cc0000, 0x0000000100000000, 0x0000000100000000)
 Metaspace       used 58177K, capacity 59045K, committed 59392K, reserved 1101824K
  class space    used 7417K, capacity 7646K, committed 7680K, reserved 1048576K
Event: 54.622 GC heap after
Heap after GC invocations=22 (full 12):
 par new generation   total 306688K, used 34048K [0x00000000c0000000, 0x00000000d4cc0000, 0x00000000d4cc0000)
  eden space 272640K,   0% used [0x00000000c0000000, 0x00000000c0000000, 0x00000000d0a40000)
  from space 34048K, 100% used [0x00000000d0a40000, 0x00000000d2b80000, 0x00000000d2b80000)
  to   space 34048K,   0% used [0x00000000d2b80000, 0x00000000d2b80000, 0x00000000d4cc0000)
 concurrent mark-sweep generation total 707840K, used 226989K [0x00000000d4cc0000, 0x0000000100000000, 0x0000000100000000)
 Metaspace       used 58177K, capacity 59045K, committed 59392K, reserved 1101824K
  class space    used 7417K, capacity 7646K, committed 7680K, reserved 1048576K
}

Deoptimization events (10 events):
Event: 56.678 Thread 0x0000000018196800 Uncommon trap: reason=bimorphic action=maybe_recompile pc=0x000000000463b088 method=net.minecraft.entity.EntityLivingBase.collideWithNearbyEntities()V @ 154
Event: 56.743 Thread 0x0000000018196800 Uncommon trap: reason=class_check action=maybe_recompile pc=0x00000000034079ac method=net.minecraft.block.BlockLiquid.getFlow(Lnet/minecraft/world/IBlockAccess;Lnet/minecraft/util/math/BlockPos;Lnet/minecraft/block/state/IBlockState;)Lnet/minecraft/util/m
Event: 56.743 Thread 0x0000000018196800 Uncommon trap: reason=bimorphic action=maybe_recompile pc=0x0000000004518e18 method=net.minecraft.util.math.BlockPos.down(I)Lnet/minecraft/util/math/BlockPos; @ 5
Event: 56.743 Thread 0x0000000018196800 Uncommon trap: reason=class_check action=maybe_recompile pc=0x00000000046a3388 method=net.minecraft.entity.EntityLivingBase.travel(FFF)V @ 1280
Event: 56.744 Thread 0x0000000018196800 Uncommon trap: reason=bimorphic action=maybe_recompile pc=0x000000000463b088 method=net.minecraft.entity.EntityLivingBase.collideWithNearbyEntities()V @ 154
Event: 56.778 Thread 0x0000000018196800 Uncommon trap: reason=bimorphic action=maybe_recompile pc=0x000000000463b088 method=net.minecraft.entity.EntityLivingBase.collideWithNearbyEntities()V @ 154
Event: 56.861 Thread 0x00000000025e6800 Uncommon trap: reason=class_check action=maybe_recompile pc=0x00000000034079ac method=net.minecraft.block.BlockLiquid.getFlow(Lnet/minecraft/world/IBlockAccess;Lnet/minecraft/util/math/BlockPos;Lnet/minecraft/block/state/IBlockState;)Lnet/minecraft/util/m
Event: 56.861 Thread 0x00000000025e6800 Uncommon trap: reason=bimorphic action=maybe_recompile pc=0x0000000004518e18 method=net.minecraft.util.math.BlockPos.down(I)Lnet/minecraft/util/math/BlockPos; @ 5
Event: 56.861 Thread 0x00000000025e6800 Uncommon trap: reason=class_check action=maybe_recompile pc=0x00000000041887bc method=net.minecraft.entity.Entity.handleWaterMovement()Z @ 65
Event: 56.927 Thread 0x0000000018196800 Uncommon trap: reason=bimorphic action=maybe_recompile pc=0x000000000463b088 method=net.minecraft.entity.EntityLivingBase.collideWithNearbyEntities()V @ 154

Classes redefined (0 events):
No events

Internal exceptions (10 events):
Event: 56.919 Thread 0x0000000017cae000 Exception <a 'java/lang/InterruptedException': sleep interrupted> (0x00000000c8c90fa0) thrown at [C:\re\workspace\8-2-build-windows-amd64-cygwin\jdk8u172\10810\hotspot\src\share\vm\prims\jvm.cpp, line 3273]
Event: 56.919 Thread 0x0000000017cae000 Exception <a 'java/lang/InterruptedException': sleep interrupted> (0x00000000c8c911f8) thrown at [C:\re\workspace\8-2-build-windows-amd64-cygwin\jdk8u172\10810\hotspot\src\share\vm\prims\jvm.cpp, line 3273]
Event: 56.919 Thread 0x0000000017cae000 Exception <a 'java/lang/InterruptedException': sleep interrupted> (0x00000000c8c91450) thrown at [C:\re\workspace\8-2-build-windows-amd64-cygwin\jdk8u172\10810\hotspot\src\share\vm\prims\jvm.cpp, line 3273]
Event: 57.041 Thread 0x0000000017cae000 Exception <a 'java/lang/InterruptedException': sleep interrupted> (0x00000000c8c91868) thrown at [C:\re\workspace\8-2-build-windows-amd64-cygwin\jdk8u172\10810\hotspot\src\share\vm\prims\jvm.cpp, line 3273]
Event: 57.041 Thread 0x0000000017cae000 Exception <a 'java/lang/InterruptedException': sleep interrupted> (0x00000000c8c924d8) thrown at [C:\re\workspace\8-2-build-windows-amd64-cygwin\jdk8u172\10810\hotspot\src\share\vm\prims\jvm.cpp, line 3273]
Event: 57.042 Thread 0x0000000017cae000 Exception <a 'java/lang/InterruptedException': sleep interrupted> (0x00000000c8c92730) thrown at [C:\re\workspace\8-2-build-windows-amd64-cygwin\jdk8u172\10810\hotspot\src\share\vm\prims\jvm.cpp, line 3273]
Event: 57.042 Thread 0x0000000017cae000 Exception <a 'java/lang/InterruptedException': sleep interrupted> (0x00000000c8c92988) thrown at [C:\re\workspace\8-2-build-windows-amd64-cygwin\jdk8u172\10810\hotspot\src\share\vm\prims\jvm.cpp, line 3273]
Event: 57.043 Thread 0x0000000017cae000 Exception <a 'java/lang/InterruptedException': sleep interrupted> (0x00000000c8c92da0) thrown at [C:\re\workspace\8-2-build-windows-amd64-cygwin\jdk8u172\10810\hotspot\src\share\vm\prims\jvm.cpp, line 3273]
Event: 57.054 Thread 0x0000000017cae000 Exception <a 'java/lang/InterruptedException': sleep interrupted> (0x00000000c8c92ff8) thrown at [C:\re\workspace\8-2-build-windows-amd64-cygwin\jdk8u172\10810\hotspot\src\share\vm\prims\jvm.cpp, line 3273]
Event: 57.054 Thread 0x0000000017cae000 Exception <a 'java/lang/InterruptedException': sleep interrupted> (0x00000000c8c93278) thrown at [C:\re\workspace\8-2-build-windows-amd64-cygwin\jdk8u172\10810\hotspot\src\share\vm\prims\jvm.cpp, line 3273]

Events (10 events):
Event: 56.898 Thread 0x00000000025e6800 DEOPT UNPACKING pc=0x00000000027271d0 sp=0x00000000025dd9e0 mode 0
Event: 56.922 Executing VM operation: RevokeBias
Event: 56.922 Executing VM operation: RevokeBias done
Event: 56.927 Thread 0x0000000018196800 Uncommon trap: trap_request=0xffffffc6 fr.pc=0x000000000463b088
Event: 56.927 Thread 0x0000000018196800 DEOPT PACKING pc=0x000000000463b088 sp=0x000000002d89ea80
Event: 56.927 Thread 0x0000000018196800 DEOPT UNPACKING pc=0x000000000272557b sp=0x000000002d89ea18 mode 2
Event: 57.043 Executing VM operation: RevokeBias
Event: 57.043 Executing VM operation: RevokeBias done
Event: 57.059 Executing VM operation: RevokeBias
Event: 57.060 Executing VM operation: RevokeBias done


Dynamic libraries:
0x00007ff66a3e0000 - 0x00007ff66a417000 	C:\Program Files\Java\jre1.8.0_172\bin\javaw.exe
0x00007ffe3e6a0000 - 0x00007ffe3e86f000 	C:\Windows\SYSTEM32\ntdll.dll
0x00007ffe3e480000 - 0x00007ffe3e52d000 	C:\Windows\System32\KERNEL32.DLL
0x00007ffe3b900000 - 0x00007ffe3bb1e000 	C:\Windows\System32\KERNELBASE.dll
0x00007ffe3bca0000 - 0x00007ffe3bd46000 	C:\Windows\System32\ADVAPI32.dll
0x00007ffe3e530000 - 0x00007ffe3e5ce000 	C:\Windows\System32\msvcrt.dll
0x00007ffe3e640000 - 0x00007ffe3e69b000 	C:\Windows\System32\sechost.dll
0x00007ffe3df40000 - 0x00007ffe3e05d000 	C:\Windows\System32\RPCRT4.dll
0x00007ffe3c540000 - 0x00007ffe3c6a6000 	C:\Windows\System32\USER32.dll
0x00007ffe3abd0000 - 0x00007ffe3abee000 	C:\Windows\System32\win32u.dll
0x00007ffe3be00000 - 0x00007ffe3be34000 	C:\Windows\System32\GDI32.dll
0x00007ffe3b370000 - 0x00007ffe3b4f4000 	C:\Windows\System32\gdi32full.dll
0x00007ffe287d0000 - 0x00007ffe28a4a000 	C:\Windows\WinSxS\amd64_microsoft.windows.common-controls_6595b64144ccf1df_6.0.14393.4169_none_7de0bbf28341b1f2\COMCTL32.dll
0x00007ffe3c270000 - 0x00007ffe3c536000 	C:\Windows\System32\combase.dll
0x00007ffe3b600000 - 0x00007ffe3b6f4000 	C:\Windows\System32\ucrtbase.dll
0x00007ffe3bb20000 - 0x00007ffe3bb8c000 	C:\Windows\System32\bcryptPrimitives.dll
0x00007ffe3bdb0000 - 0x00007ffe3bdde000 	C:\Windows\System32\IMM32.DLL
0x0000000064030000 - 0x0000000064102000 	C:\Program Files\Java\jre1.8.0_172\bin\msvcr100.dll
0x00000000642d0000 - 0x0000000064b73000 	C:\Program Files\Java\jre1.8.0_172\bin\server\jvm.dll
0x00007ffe3e330000 - 0x00007ffe3e338000 	C:\Windows\System32\PSAPI.DLL
0x00007ffe386d0000 - 0x00007ffe386d9000 	C:\Windows\SYSTEM32\WSOCK32.dll
0x00007ffe3ded0000 - 0x00007ffe3df3a000 	C:\Windows\System32\WS2_32.dll
0x00007ffe38ff0000 - 0x00007ffe39013000 	C:\Windows\SYSTEM32\WINMM.dll
0x00007ffe37760000 - 0x00007ffe3776a000 	C:\Windows\SYSTEM32\VERSION.dll
0x0000000000b60000 - 0x0000000000b8b000 	C:\Windows\SYSTEM32\WINMMBASE.dll
0x00007ffe3b5b0000 - 0x00007ffe3b5f2000 	C:\Windows\System32\cfgmgr32.dll
0x00000000641e0000 - 0x00000000641ef000 	C:\Program Files\Java\jre1.8.0_172\bin\verify.dll
0x00000000641b0000 - 0x00000000641d9000 	C:\Program Files\Java\jre1.8.0_172\bin\java.dll
0x0000000064190000 - 0x00000000641a6000 	C:\Program Files\Java\jre1.8.0_172\bin\zip.dll
0x00007ffe3c6b0000 - 0x00007ffe3dbb6000 	C:\Windows\System32\SHELL32.dll
0x00007ffe3abf0000 - 0x00007ffe3b2c3000 	C:\Windows\System32\windows.storage.dll
0x00007ffe3ab00000 - 0x00007ffe3ab4c000 	C:\Windows\System32\powrprof.dll
0x00007ffe3bd50000 - 0x00007ffe3bda2000 	C:\Windows\System32\shlwapi.dll
0x00007ffe3aae0000 - 0x00007ffe3aaef000 	C:\Windows\System32\kernel.appcore.dll
0x00007ffe3b500000 - 0x00007ffe3b5a8000 	C:\Windows\System32\shcore.dll
0x00007ffe3ab50000 - 0x00007ffe3ab64000 	C:\Windows\System32\profapi.dll
0x0000000064020000 - 0x000000006402d000 	C:\Program Files\Java\jre1.8.0_172\bin\management.dll
0x00007ffe3a5b0000 - 0x00007ffe3a5c7000 	C:\Windows\SYSTEM32\CRYPTSP.dll
0x00007ffe39f50000 - 0x00007ffe39f83000 	C:\Windows\system32\rsaenh.dll
0x00007ffe3a980000 - 0x00007ffe3a9ab000 	C:\Windows\SYSTEM32\bcrypt.dll
0x00007ffe3a270000 - 0x00007ffe3a290000 	C:\Windows\SYSTEM32\USERENV.dll
0x00007ffe3a5d0000 - 0x00007ffe3a5db000 	C:\Windows\SYSTEM32\CRYPTBASE.dll
0x0000000064170000 - 0x000000006418a000 	C:\Program Files\Java\jre1.8.0_172\bin\net.dll
0x00007ffe3a400000 - 0x00007ffe3a45d000 	C:\Windows\system32\mswsock.dll
0x00007ffe3a130000 - 0x00007ffe3a168000 	C:\Windows\SYSTEM32\IPHLPAPI.DLL
0x00007ffe3dec0000 - 0x00007ffe3dec8000 	C:\Windows\System32\NSI.dll
0x00007ffe30910000 - 0x00007ffe30926000 	C:\Windows\SYSTEM32\dhcpcsvc6.DLL
0x00007ffe308b0000 - 0x00007ffe308ca000 	C:\Windows\SYSTEM32\dhcpcsvc.DLL
0x0000000064150000 - 0x0000000064161000 	C:\Program Files\Java\jre1.8.0_172\bin\nio.dll
0x00007ffe385d0000 - 0x00007ffe385da000 	C:\Users\U.P\AppData\Local\Temp\jansi-64-6688425404826438127.dll
0x00007ffe27550000 - 0x00007ffe27566000 	C:\Windows\system32\napinsp.dll
0x00007ffe27840000 - 0x00007ffe2785a000 	C:\Windows\system32\pnrpnsp.dll
0x00007ffe381d0000 - 0x00007ffe381e8000 	C:\Windows\system32\NLAapi.dll
0x00007ffe3a170000 - 0x00007ffe3a212000 	C:\Windows\SYSTEM32\DNSAPI.dll
0x00007ffe27860000 - 0x00007ffe2786e000 	C:\Windows\System32\winrnr.dll
0x00007ffe33970000 - 0x00007ffe3397a000 	C:\Windows\System32\rasadhlp.dll
0x00007ffe302e0000 - 0x00007ffe3034a000 	C:\Windows\System32\fwpuclnt.dll
0x0000000180000000 - 0x0000000180053000 	C:\Users\U.P\.gradle\caches\minecraft\net\minecraft\natives\1.12.2\lwjgl64.dll
0x00007ffe1f4c0000 - 0x00007ffe1f5e3000 	C:\Windows\SYSTEM32\OPENGL32.dll
0x00007ffe306a0000 - 0x00007ffe306cd000 	C:\Windows\SYSTEM32\GLU32.dll
0x00007ffe1f2e0000 - 0x00007ffe1f3d7000 	C:\Windows\SYSTEM32\DDRAW.dll
0x00007ffe383d0000 - 0x00007ffe383d8000 	C:\Windows\SYSTEM32\DCIMAN32.dll
0x0000000063e80000 - 0x0000000064019000 	C:\Program Files\Java\jre1.8.0_172\bin\awt.dll
0x00007ffe3e270000 - 0x00007ffe3e330000 	C:\Windows\System32\OLEAUT32.dll
0x00007ffe3b2d0000 - 0x00007ffe3b36c000 	C:\Windows\System32\msvcp_win.dll
0x00007ffe39110000 - 0x00007ffe3918a000 	C:\Windows\SYSTEM32\apphelp.dll
0x00007ffe392e0000 - 0x00007ffe39375000 	C:\Windows\system32\uxtheme.dll
0x00007ffe3e070000 - 0x00007ffe3e1cb000 	C:\Windows\System32\MSCTF.dll
0x00007ffe389c0000 - 0x00007ffe389e6000 	C:\Windows\system32\dwmapi.dll
0x00007ffe0a640000 - 0x00007ffe0d160000 	C:\Windows\System32\DriverStore\FileRepository\nv_dispi.inf_amd64_9be48e12ebceea24\nvoglv64.dll
0x00007ffe3be40000 - 0x00007ffe3c269000 	C:\Windows\System32\SETUPAPI.dll
0x00007ffe3e340000 - 0x00007ffe3e479000 	C:\Windows\System32\ole32.dll
0x00007ffe38770000 - 0x00007ffe38783000 	C:\Windows\SYSTEM32\WTSAPI32.dll
0x00007ffe3aaf0000 - 0x00007ffe3ab00000 	C:\Windows\System32\msasn1.dll
0x00007ffe37730000 - 0x00007ffe3775f000 	C:\Windows\SYSTEM32\cryptnet.dll
0x00007ffe3b700000 - 0x00007ffe3b8f3000 	C:\Windows\System32\CRYPT32.dll
0x00007ffe37120000 - 0x00007ffe37201000 	C:\Windows\SYSTEM32\drvstore.dll
0x00007ffe397c0000 - 0x00007ffe397e8000 	C:\Windows\SYSTEM32\devobj.dll
0x00007ffe39cb0000 - 0x00007ffe39cc9000 	C:\Windows\SYSTEM32\wldp.dll
0x00007ffe3ab70000 - 0x00007ffe3abc5000 	C:\Windows\System32\WINTRUST.dll
0x00007ffe397f0000 - 0x00007ffe39822000 	C:\Windows\SYSTEM32\ntmarta.dll
0x00007ffe28430000 - 0x00007ffe284c1000 	C:\Windows\SYSTEM32\mscms.dll
0x00007ffe269e0000 - 0x00007ffe26a22000 	C:\Windows\SYSTEM32\icm32.dll
0x00007ffe39ff0000 - 0x00007ffe3a046000 	C:\Windows\SYSTEM32\WINSTA.dll
0x00007ffe261c0000 - 0x00007ffe26202000 	C:\Users\U.P\AppData\Local\Temp\jna-83191\jna7450751812207840772.dll
0x0000000064120000 - 0x0000000064144000 	C:\Program Files\Java\jre1.8.0_172\bin\sunec.dll
0x0000000064110000 - 0x000000006411b000 	C:\Program Files\Java\jre1.8.0_172\bin\sunmscapi.dll
0x000000001cc80000 - 0x000000001cce4000 	C:\Users\U.P\.gradle\caches\minecraft\net\minecraft\natives\1.12.2\OpenAL64.dll
0x00007ffe3e1d0000 - 0x00007ffe3e26f000 	C:\Windows\System32\clbcatq.dll
0x00007ffe36240000 - 0x00007ffe362af000 	C:\Windows\System32\MMDevApi.dll
0x00007ffe38790000 - 0x00007ffe38915000 	C:\Windows\System32\PROPSYS.dll
0x00007ffe21f00000 - 0x00007ffe21f9b000 	C:\Windows\SYSTEM32\dsound.dll
0x00007ffe21690000 - 0x00007ffe21724000 	C:\Windows\SYSTEM32\AUDIOSES.DLL
0x00007ffe379b0000 - 0x00007ffe37ae0000 	C:\Windows\SYSTEM32\wintypes.dll
0x00007ffe33b00000 - 0x00007ffe33b1a000 	C:\Users\U.P\.gradle\caches\minecraft\net\minecraft\natives\1.12.2\SAPIWrapper_x64.dll
0x00007ffe12590000 - 0x00007ffe12722000 	C:\Windows\SYSTEM32\dbghelp.dll

VM Arguments:
jvm_args: -Xincgc -Xmx1024M -Xms1024M -Dfile.encoding=Cp1251 
java_command: GradleStart
java_class_path (initial): C:\Program Files\Java\jre1.8.0_172\lib\resources.jar;C:\Program Files\Java\jre1.8.0_172\lib\rt.jar;C:\Program Files\Java\jre1.8.0_172\lib\jsse.jar;C:\Program Files\Java\jre1.8.0_172\lib\jce.jar;C:\Program Files\Java\jre1.8.0_172\lib\charsets.jar;C:\Program Files\Java\jre1.8.0_172\lib\jfr.jar;C:\Program Files\Java\jre1.8.0_172\lib\ext\access-bridge-64.jar;C:\Program Files\Java\jre1.8.0_172\lib\ext\cldrdata.jar;C:\Program Files\Java\jre1.8.0_172\lib\ext\dnsns.jar;C:\Program Files\Java\jre1.8.0_172\lib\ext\jaccess.jar;C:\Program Files\Java\jre1.8.0_172\lib\ext\jfxrt.jar;C:\Program Files\Java\jre1.8.0_172\lib\ext\localedata.jar;C:\Program Files\Java\jre1.8.0_172\lib\ext\nashorn.jar;C:\Program Files\Java\jre1.8.0_172\lib\ext\sunec.jar;C:\Program Files\Java\jre1.8.0_172\lib\ext\sunjce_provider.jar;C:\Program Files\Java\jre1.8.0_172\lib\ext\sunmscapi.jar;C:\Program Files\Java\jre1.8.0_172\lib\ext\sunpkcs11.jar;C:\Program Files\Java\jre1.8.0_172\lib\ext\zipfs.jar;D:\JAVA_IDE\Projects\SimpleModByWordolon\bin;C:\Users\U.P\.gradle\caches\minecraft\net\minecraftforge\forge\1.12.2-14.23.4.2705\snapshot\20171003\forgeSrc-1.12.2-14.23.4.2705.jar;C:\Users\U.P\.gradle\caches\modules-2\files-2.1\com.google.code.findbugs\jsr305\3.0.1\f7be08ec23c21485b9b5a1cf1654c2ec8c58168d\jsr305-3.0.1.jar;C:\Users\U.P\.gradle\caches\modules-2\files-2.1\com.mojang\patchy\1.3.9\eb8bb7b66fa0e2152b1b40b3856e82f7619439ee\patchy-1.3.9.jar;C:\Users\U.P\.gradle\caches\modules-2\files-2.1\oshi-project\oshi-core\1.1\9ddf7b048a8d701be231c0f4f95fd986198fd2d8\oshi-core-1.1.jar;C:\Users\U.P\.gradle\caches\modules-2\files-2.1\net.java.dev.jna\jna\4.4.0\cb208278274bf12ebdb56c61bd7407e6f774d65a\jna-4.4.0.jar;C:\Users\U.P\.gradle\caches\modules-2\files-2.1\net.java.dev.jna\platform\3.4.0\e3f70017be8100d3d6923f50b3d2ee17714e9c13\platform-3.4.0.jar;C:\Users\U.P\.gradle\caches\modules-2\files-2.1\com.ibm.icu\icu4j-core-mojang\51.2\63d216a9311cca6be337c1e458e587f99d382b84\icu4j-core-mojang-51
Launcher Type: SUN_STANDARD

Environment Variables:
JAVA_HOME=C:\Program Files\Java\jre1.8.0_172
PATH=C:/Program Files/Java/jre1.8.0_172/bin/server;C:/Program Files/Java/jre1.8.0_172/bin;C:/Program Files/Java/jre1.8.0_172/lib/amd64;C:\Program Files (x86)\Common Files\Oracle\Java\javapath;C:\Program Files\Java\jre1.8.0_172\bin;C:\Users\U.P\AppData\Local\Microsoft\WindowsApps;C:\Users\U.P\.dotnet\tools;C:\Windows\system32;
USERNAME=U.P
OS=Windows_NT
PROCESSOR_IDENTIFIER=Intel64 Family 6 Model 23 Stepping 10, GenuineIntel



---------------  S Y S T E M  ---------------

OS: Windows 10.0 , 64 bit Build 14393 (10.0.14393.5066)

CPU:total 4 (initial active 4) (4 cores per cpu, 1 threads per core) family 6 model 23 stepping 10, cmov, cx8, fxsr, mmx, sse, sse2, sse3, ssse3, sse4.1, tsc

Memory: 4k page, physical 4192436k(922624k free), swap 9959604k(2813904k free)

vm_info: Java HotSpot(TM) 64-Bit Server VM (25.172-b11) for windows-amd64 JRE (1.8.0_172-b11), built on Mar 28 2018 21:21:52 by "java_re" with MS VC++ 10.0 (VS2010)

time: Thu May 26 17:43:03 2022
elapsed time: 57 seconds (0d 0h 0m 57s)

